<?xml version="1.0" encoding="UTF-8"?>
<coverage generated="1773558699807" clover="3.2.0">
  <project timestamp="1773558699807" name="All files">
    <metrics statements="378" coveredstatements="280" conditionals="247" coveredconditionals="144" methods="83" coveredmethods="69" elements="708" coveredelements="493" complexity="0" loc="378" ncloc="378" packages="8" files="22" classes="22"/>
    <package name="alerts">
      <metrics statements="15" coveredstatements="15" conditionals="12" coveredconditionals="9" methods="2" coveredmethods="2"/>
      <file name="http-webhook.ts" path="/Users/ahd-clawd/Desktop/work/statuspulse/src/alerts/http-webhook.ts">
        <metrics statements="8" coveredstatements="8" conditionals="4" coveredconditionals="4" methods="1" coveredmethods="1"/>
        <line num="9" count="5" type="stmt"/>
        <line num="19" count="5" type="stmt"/>
        <line num="24" count="5" type="cond" truecount="2" falsecount="0"/>
        <line num="25" count="1" type="stmt"/>
        <line num="28" count="1" type="stmt"/>
        <line num="31" count="5" type="stmt"/>
        <line num="38" count="5" type="cond" truecount="2" falsecount="0"/>
        <line num="39" count="1" type="stmt"/>
      </file>
      <file name="slack.ts" path="/Users/ahd-clawd/Desktop/work/statuspulse/src/alerts/slack.ts">
        <metrics statements="7" coveredstatements="7" conditionals="8" coveredconditionals="5" methods="1" coveredmethods="1"/>
        <line num="3" count="1" type="stmt"/>
        <line num="14" count="6" type="cond" truecount="1" falsecount="1"/>
        <line num="15" count="6" type="cond" truecount="1" falsecount="1"/>
        <line num="17" count="6" type="stmt"/>
        <line num="59" count="6" type="stmt"/>
        <line num="65" count="6" type="cond" truecount="2" falsecount="0"/>
        <line num="66" count="1" type="stmt"/>
      </file>
    </package>
    <package name="api">
      <metrics statements="28" coveredstatements="18" conditionals="0" coveredconditionals="0" methods="5" coveredmethods="2"/>
      <file name="server.ts" path="/Users/ahd-clawd/Desktop/work/statuspulse/src/api/server.ts">
        <metrics statements="28" coveredstatements="18" conditionals="0" coveredconditionals="0" methods="5" coveredmethods="2"/>
        <line num="18" count="29" type="stmt"/>
        <line num="20" count="29" type="stmt"/>
        <line num="21" count="29" type="stmt"/>
        <line num="24" count="29" type="stmt"/>
        <line num="27" count="29" type="stmt"/>
        <line num="30" count="29" type="stmt"/>
        <line num="31" count="29" type="stmt"/>
        <line num="32" count="29" type="stmt"/>
        <line num="33" count="29" type="stmt"/>
        <line num="34" count="29" type="stmt"/>
        <line num="35" count="29" type="stmt"/>
        <line num="36" count="29" type="stmt"/>
        <line num="37" count="29" type="stmt"/>
        <line num="38" count="29" type="stmt"/>
        <line num="40" count="29" type="stmt"/>
        <line num="43" count="29" type="stmt"/>
        <line num="46" count="29" type="stmt"/>
        <line num="47" count="0" type="stmt"/>
        <line num="48" count="0" type="stmt"/>
        <line num="49" count="0" type="stmt"/>
        <line num="50" count="0" type="stmt"/>
        <line num="51" count="0" type="stmt"/>
        <line num="53" count="0" type="stmt"/>
        <line num="57" count="29" type="stmt"/>
        <line num="61" count="0" type="stmt"/>
        <line num="63" count="0" type="stmt"/>
        <line num="64" count="0" type="stmt"/>
        <line num="67" count="0" type="stmt"/>
      </file>
    </package>
    <package name="api.middleware">
      <metrics statements="14" coveredstatements="3" conditionals="12" coveredconditionals="1" methods="1" coveredmethods="1"/>
      <file name="auth.ts" path="/Users/ahd-clawd/Desktop/work/statuspulse/src/api/middleware/auth.ts">
        <metrics statements="14" coveredstatements="3" conditionals="12" coveredconditionals="1" methods="1" coveredmethods="1"/>
        <line num="4" count="6" type="stmt"/>
        <line num="5" count="29" type="cond" truecount="1" falsecount="1"/>
        <line num="6" count="29" type="stmt"/>
        <line num="9" count="0" type="stmt"/>
        <line num="10" count="0" type="stmt"/>
        <line num="12" count="0" type="cond" truecount="0" falsecount="2"/>
        <line num="13" count="0" type="cond" truecount="0" falsecount="4"/>
        <line num="14" count="0" type="stmt"/>
        <line num="16" count="0" type="stmt"/>
        <line num="19" count="0" type="cond" truecount="0" falsecount="2"/>
        <line num="20" count="0" type="cond" truecount="0" falsecount="2"/>
        <line num="21" count="0" type="stmt"/>
        <line num="23" count="0" type="stmt"/>
        <line num="26" count="0" type="stmt"/>
      </file>
    </package>
    <package name="api.routes">
      <metrics statements="159" coveredstatements="115" conditionals="82" coveredconditionals="50" methods="33" coveredmethods="27"/>
      <file name="alert-targets.ts" path="/Users/ahd-clawd/Desktop/work/statuspulse/src/api/routes/alert-targets.ts">
        <metrics statements="23" coveredstatements="14" conditionals="6" coveredconditionals="2" methods="4" coveredmethods="3"/>
        <line num="7" count="6" type="stmt"/>
        <line num="10" count="6" type="stmt"/>
        <line num="11" count="2" type="stmt"/>
        <line num="12" count="2" type="stmt"/>
        <line num="16" count="6" type="stmt"/>
        <line num="17" count="1" type="stmt"/>
        <line num="18" count="1" type="stmt"/>
        <line num="20" count="1" type="stmt"/>
        <line num="33" count="1" type="stmt"/>
        <line num="37" count="6" type="stmt"/>
        <line num="38" count="1" type="stmt"/>
        <line num="39" count="1" type="stmt"/>
        <line num="40" count="1" type="stmt"/>
        <line num="44" count="6" type="stmt"/>
        <line num="45" count="0" type="stmt"/>
        <line num="46" count="0" type="stmt"/>
        <line num="48" count="0" type="cond" truecount="0" falsecount="2"/>
        <line num="49" count="0" type="stmt"/>
        <line num="53" count="0" type="stmt"/>
        <line num="54" count="0" type="stmt"/>
        <line num="62" count="0" type="stmt"/>
        <line num="63" count="0" type="stmt"/>
        <line num="65" count="0" type="stmt"/>
      </file>
      <file name="incidents.ts" path="/Users/ahd-clawd/Desktop/work/statuspulse/src/api/routes/incidents.ts">
        <metrics statements="23" coveredstatements="23" conditionals="10" coveredconditionals="10" methods="5" coveredmethods="5"/>
        <line num="6" count="6" type="stmt"/>
        <line num="9" count="6" type="stmt"/>
        <line num="10" count="5" type="stmt"/>
        <line num="11" count="5" type="stmt"/>
        <line num="12" count="5" type="stmt"/>
        <line num="13" count="5" type="cond" truecount="2" falsecount="0"/>
        <line num="15" count="5" type="stmt"/>
        <line num="16" count="5" type="stmt"/>
        <line num="18" count="5" type="cond" truecount="2" falsecount="0"/>
        <line num="19" count="9" type="stmt"/>
        <line num="21" count="5" type="cond" truecount="2" falsecount="0"/>
        <line num="22" count="2" type="stmt"/>
        <line num="24" count="5" type="cond" truecount="2" falsecount="0"/>
        <line num="25" count="2" type="stmt"/>
        <line num="28" count="5" type="stmt"/>
        <line num="30" count="5" type="stmt"/>
        <line num="34" count="6" type="stmt"/>
        <line num="35" count="2" type="stmt"/>
        <line num="36" count="2" type="stmt"/>
        <line num="38" count="2" type="cond" truecount="2" falsecount="0"/>
        <line num="39" count="1" type="stmt"/>
        <line num="42" count="1" type="stmt"/>
        <line num="49" count="1" type="stmt"/>
      </file>
      <file name="plugins.ts" path="/Users/ahd-clawd/Desktop/work/statuspulse/src/api/routes/plugins.ts">
        <metrics statements="27" coveredstatements="19" conditionals="26" coveredconditionals="13" methods="5" coveredmethods="4"/>
        <line num="7" count="6" type="stmt"/>
        <line num="10" count="6" type="stmt"/>
        <line num="11" count="1" type="stmt"/>
        <line num="12" count="1" type="stmt"/>
        <line num="13" count="1" type="stmt"/>
        <line num="21" count="6" type="stmt"/>
        <line num="22" count="1" type="stmt"/>
        <line num="23" count="1" type="cond" truecount="1" falsecount="1"/>
        <line num="41" count="1" type="stmt"/>
        <line num="61" count="1" type="stmt"/>
        <line num="81" count="1" type="stmt"/>
        <line num="82" count="1" type="stmt"/>
        <line num="94" count="1" type="stmt"/>
        <line num="98" count="6" type="stmt"/>
        <line num="99" count="0" type="stmt"/>
        <line num="100" count="0" type="stmt"/>
        <line num="102" count="0" type="stmt"/>
        <line num="103" count="0" type="cond" truecount="0" falsecount="2"/>
        <line num="104" count="0" type="cond" truecount="0" falsecount="2"/>
        <line num="105" count="0" type="cond" truecount="0" falsecount="2"/>
        <line num="107" count="0" type="stmt"/>
        <line num="108" count="0" type="stmt"/>
        <line num="112" count="6" type="stmt"/>
        <line num="113" count="1" type="stmt"/>
        <line num="114" count="1" type="stmt"/>
        <line num="115" count="1" type="stmt"/>
        <line num="116" count="1" type="stmt"/>
      </file>
      <file name="services.ts" path="/Users/ahd-clawd/Desktop/work/statuspulse/src/api/routes/services.ts">
        <metrics statements="40" coveredstatements="31" conditionals="20" coveredconditionals="19" methods="9" coveredmethods="6"/>
        <line num="7" count="6" type="stmt"/>
        <line num="10" count="6" type="stmt"/>
        <line num="11" count="5" type="stmt"/>
        <line num="12" count="5" type="stmt"/>
        <line num="13" count="5" type="stmt"/>
        <line num="15" count="5" type="stmt"/>
        <line num="17" count="5" type="cond" truecount="2" falsecount="0"/>
        <line num="18" count="3" type="stmt"/>
        <line num="20" count="5" type="cond" truecount="2" falsecount="0"/>
        <line num="21" count="3" type="stmt"/>
        <line num="23" count="5" type="cond" truecount="2" falsecount="0"/>
        <line num="24" count="5" type="stmt"/>
        <line num="27" count="5" type="stmt"/>
        <line num="31" count="6" type="stmt"/>
        <line num="32" count="2" type="stmt"/>
        <line num="33" count="2" type="stmt"/>
        <line num="35" count="2" type="cond" truecount="2" falsecount="0"/>
        <line num="36" count="1" type="stmt"/>
        <line num="39" count="1" type="stmt"/>
        <line num="45" count="1" type="stmt"/>
        <line num="49" count="6" type="stmt"/>
        <line num="50" count="2" type="stmt"/>
        <line num="51" count="2" type="stmt"/>
        <line num="53" count="2" type="stmt"/>
        <line num="54" count="2" type="cond" truecount="2" falsecount="0"/>
        <line num="55" count="1" type="stmt"/>
        <line num="58" count="1" type="stmt"/>
        <line num="77" count="2" type="stmt"/>
        <line num="81" count="6" type="stmt"/>
        <line num="82" count="0" type="stmt"/>
        <line num="83" count="0" type="stmt"/>
        <line num="85" count="0" type="stmt"/>
        <line num="90" count="0" type="stmt"/>
        <line num="94" count="6" type="stmt"/>
        <line num="95" count="0" type="stmt"/>
        <line num="96" count="0" type="stmt"/>
        <line num="97" count="0" type="stmt"/>
        <line num="101" count="6" type="stmt"/>
        <line num="102" count="0" type="stmt"/>
        <line num="103" count="0" type="stmt"/>
      </file>
      <file name="status.ts" path="/Users/ahd-clawd/Desktop/work/statuspulse/src/api/routes/status.ts">
        <metrics statements="26" coveredstatements="26" conditionals="8" coveredconditionals="6" methods="9" coveredmethods="9"/>
        <line num="8" count="6" type="stmt"/>
        <line num="11" count="6" type="stmt"/>
        <line num="12" count="6" type="stmt"/>
        <line num="13" count="6" type="stmt"/>
        <line num="19" count="6" type="cond" truecount="2" falsecount="0"/>
        <line num="20" count="2" type="stmt"/>
        <line num="23" count="6" type="stmt"/>
        <line num="27" count="2" type="stmt"/>
        <line num="29" count="12" type="stmt"/>
        <line num="30" count="6" type="stmt"/>
        <line num="32" count="6" type="stmt"/>
        <line num="33" count="6" type="stmt"/>
        <line num="34" count="12" type="cond" truecount="2" falsecount="0"/>
        <line num="35" count="9" type="stmt"/>
        <line num="37" count="12" type="stmt"/>
        <line num="38" count="12" type="stmt"/>
        <line num="39" count="28" type="stmt"/>
        <line num="40" count="20" type="stmt"/>
        <line num="41" count="12" type="stmt"/>
        <line num="45" count="12" type="cond" truecount="1" falsecount="1"/>
        <line num="46" count="6" type="stmt"/>
        <line num="47" count="6" type="stmt"/>
        <line num="48" count="15" type="cond" truecount="1" falsecount="1"/>
        <line num="49" count="7" type="stmt"/>
        <line num="50" count="12" type="stmt"/>
        <line num="55" count="6" type="stmt"/>
      </file>
      <file name="upload.ts" path="/Users/ahd-clawd/Desktop/work/statuspulse/src/api/routes/upload.ts">
        <metrics statements="20" coveredstatements="2" conditionals="12" coveredconditionals="0" methods="1" coveredmethods="0"/>
        <line num="4" count="6" type="stmt"/>
        <line num="7" count="6" type="stmt"/>
        <line num="8" count="0" type="cond" truecount="0" falsecount="2"/>
        <line num="13" count="0" type="cond" truecount="0" falsecount="2"/>
        <line num="14" count="0" type="stmt"/>
        <line num="15" count="0" type="stmt"/>
        <line num="16" count="0" type="cond" truecount="0" falsecount="2"/>
        <line num="17" count="0" type="cond" truecount="0" falsecount="2"/>
        <line num="18" count="0" type="stmt"/>
        <line num="19" count="0" type="stmt"/>
        <line num="20" count="0" type="cond" truecount="0" falsecount="2"/>
        <line num="21" count="0" type="stmt"/>
        <line num="23" count="0" type="stmt"/>
        <line num="24" count="0" type="stmt"/>
        <line num="25" count="0" type="cond" truecount="0" falsecount="2"/>
        <line num="27" count="0" type="stmt"/>
        <line num="30" count="0" type="stmt"/>
        <line num="31" count="0" type="stmt"/>
        <line num="32" count="0" type="stmt"/>
        <line num="34" count="0" type="stmt"/>
      </file>
    </package>
    <package name="db">
      <metrics statements="28" coveredstatements="20" conditionals="4" coveredconditionals="2" methods="8" coveredmethods="4"/>
      <file name="client.ts" path="/Users/ahd-clawd/Desktop/work/statuspulse/src/db/client.ts">
        <metrics statements="19" coveredstatements="14" conditionals="4" coveredconditionals="2" methods="5" coveredmethods="4"/>
        <line num="9" count="7" type="stmt"/>
        <line num="83" count="39" type="cond" truecount="1" falsecount="1"/>
        <line num="84" count="0" type="stmt"/>
        <line num="86" count="39" type="stmt"/>
        <line num="87" count="39" type="stmt"/>
        <line num="88" count="39" type="stmt"/>
        <line num="89" count="39" type="stmt"/>
        <line num="90" count="39" type="stmt"/>
        <line num="94" count="7" type="stmt"/>
        <line num="95" count="7" type="stmt"/>
        <line num="98" count="0" type="stmt"/>
        <line num="99" count="0" type="stmt"/>
        <line num="100" count="0" type="stmt"/>
        <line num="104" count="114" type="cond" truecount="1" falsecount="1"/>
        <line num="105" count="0" type="stmt"/>
        <line num="107" count="114" type="stmt"/>
        <line num="114" count="39" type="stmt"/>
        <line num="119" count="7" type="stmt"/>
        <line num="121" count="114" type="stmt"/>
      </file>
      <file name="schema.ts" path="/Users/ahd-clawd/Desktop/work/statuspulse/src/db/schema.ts">
        <metrics statements="9" coveredstatements="6" conditionals="0" coveredconditionals="0" methods="3" coveredmethods="0"/>
        <line num="4" count="7" type="stmt"/>
        <line num="21" count="7" type="stmt"/>
        <line num="25" count="0" type="stmt"/>
        <line num="35" count="7" type="stmt"/>
        <line num="39" count="0" type="stmt"/>
        <line num="55" count="7" type="stmt"/>
        <line num="59" count="0" type="stmt"/>
        <line num="67" count="7" type="stmt"/>
        <line num="82" count="7" type="stmt"/>
      </file>
    </package>
    <package name="ingestion">
      <metrics statements="105" coveredstatements="80" conditionals="124" coveredconditionals="70" methods="20" coveredmethods="19"/>
      <file name="plugin-runner.ts" path="/Users/ahd-clawd/Desktop/work/statuspulse/src/ingestion/plugin-runner.ts">
        <metrics statements="14" coveredstatements="14" conditionals="19" coveredconditionals="14" methods="3" coveredmethods="3"/>
        <line num="23" count="5" type="stmt"/>
        <line num="33" count="5" type="cond" truecount="2" falsecount="0"/>
        <line num="34" count="1" type="stmt"/>
        <line num="42" count="4" type="stmt"/>
        <line num="45" count="4" type="stmt"/>
        <line num="46" count="4" type="cond" truecount="2" falsecount="0"/>
        <line num="47" count="2" type="cond" truecount="1" falsecount="1"/>
        <line num="50" count="2" type="stmt"/>
        <line num="58" count="4" type="cond" truecount="1" falsecount="1"/>
        <line num="62" count="5" type="cond" truecount="4" falsecount="0"/>
        <line num="63" count="1" type="stmt"/>
        <line num="65" count="3" type="stmt"/>
        <line num="68" count="4" type="stmt"/>
        <line num="77" count="4" type="stmt"/>
      </file>
      <file name="rss.ts" path="/Users/ahd-clawd/Desktop/work/statuspulse/src/ingestion/rss.ts">
        <metrics statements="32" coveredstatements="29" conditionals="40" coveredconditionals="26" methods="7" coveredmethods="7"/>
        <line num="10" count="1" type="stmt"/>
        <line num="22" count="6" type="stmt"/>
        <line num="27" count="6" type="cond" truecount="1" falsecount="1"/>
        <line num="28" count="0" type="stmt"/>
        <line num="31" count="6" type="stmt"/>
        <line num="32" count="6" type="stmt"/>
        <line num="35" count="6" type="stmt"/>
        <line num="37" count="6" type="stmt"/>
        <line num="38" count="11" type="cond" truecount="1" falsecount="1"/>
        <line num="39" count="11" type="cond" truecount="2" falsecount="2"/>
        <line num="40" count="11" type="cond" truecount="3" falsecount="0"/>
        <line num="42" count="11" type="cond" truecount="2" falsecount="2"/>
        <line num="44" count="11" type="stmt"/>
        <line num="68" count="6" type="stmt"/>
        <line num="69" count="11" type="stmt"/>
        <line num="70" count="11" type="stmt"/>
        <line num="73" count="6" type="stmt"/>
        <line num="74" count="10" type="cond" truecount="2" falsecount="0"/>
        <line num="75" count="1" type="stmt"/>
        <line num="76" count="9" type="cond" truecount="1" falsecount="1"/>
        <line num="77" count="0" type="stmt"/>
        <line num="78" count="9" type="cond" truecount="2" falsecount="0"/>
        <line num="79" count="1" type="stmt"/>
        <line num="81" count="6" type="stmt"/>
        <line num="91" count="6" type="stmt"/>
        <line num="96" count="6" type="cond" truecount="2" falsecount="0"/>
        <line num="97" count="5" type="stmt"/>
        <line num="98" count="5" type="cond" truecount="1" falsecount="1"/>
        <line num="101" count="1" type="cond" truecount="1" falsecount="1"/>
        <line num="102" count="1" type="stmt"/>
        <line num="103" count="1" type="cond" truecount="1" falsecount="1"/>
        <line num="105" count="0" type="stmt"/>
      </file>
      <file name="scraper.ts" path="/Users/ahd-clawd/Desktop/work/statuspulse/src/ingestion/scraper.ts">
        <metrics statements="17" coveredstatements="15" conditionals="8" coveredconditionals="5" methods="1" coveredmethods="1"/>
        <line num="11" count="3" type="stmt"/>
        <line num="19" count="3" type="cond" truecount="1" falsecount="1"/>
        <line num="20" count="0" type="stmt"/>
        <line num="23" count="3" type="stmt"/>
        <line num="24" count="3" type="stmt"/>
        <line num="27" count="3" type="stmt"/>
        <line num="29" count="3" type="cond" truecount="2" falsecount="0"/>
        <line num="30" count="2" type="stmt"/>
        <line num="33" count="1" type="stmt"/>
        <line num="41" count="1" type="stmt"/>
        <line num="42" count="1" type="stmt"/>
        <line num="43" count="1" type="cond" truecount="1" falsecount="1"/>
        <line num="44" count="1" type="stmt"/>
        <line num="45" count="1" type="stmt"/>
        <line num="49" count="1" type="cond" truecount="1" falsecount="1"/>
        <line num="50" count="0" type="stmt"/>
        <line num="54" count="3" type="stmt"/>
      </file>
      <file name="statuspage-api.ts" path="/Users/ahd-clawd/Desktop/work/statuspulse/src/ingestion/statuspage-api.ts">
        <metrics statements="23" coveredstatements="20" conditionals="36" coveredconditionals="25" methods="8" coveredmethods="8"/>
        <line num="48" count="7" type="stmt"/>
        <line num="53" count="7" type="cond" truecount="2" falsecount="0"/>
        <line num="54" count="1" type="stmt"/>
        <line num="57" count="6" type="stmt"/>
        <line num="59" count="6" type="cond" truecount="1" falsecount="1"/>
        <line num="60" count="29" type="stmt"/>
        <line num="61" count="29" type="stmt"/>
        <line num="68" count="7" type="cond" truecount="1" falsecount="1"/>
        <line num="70" count="29" type="stmt"/>
        <line num="71" count="29" type="stmt"/>
        <line num="80" count="4" type="stmt"/>
        <line num="86" count="7" type="stmt"/>
        <line num="94" count="7" type="cond" truecount="1" falsecount="1"/>
        <line num="105" count="5" type="stmt"/>
        <line num="114" count="7" type="stmt"/>
        <line num="118" count="4" type="stmt"/>
        <line num="119" count="4" type="cond" truecount="4" falsecount="0"/>
        <line num="120" count="2" type="cond" truecount="3" falsecount="1"/>
        <line num="121" count="2" type="cond" truecount="3" falsecount="2"/>
        <line num="122" count="2" type="stmt"/>
        <line num="123" count="0" type="cond" truecount="0" falsecount="5"/>
        <line num="124" count="0" type="stmt"/>
        <line num="125" count="0" type="stmt"/>
      </file>
      <file name="webhook-receiver.ts" path="/Users/ahd-clawd/Desktop/work/statuspulse/src/ingestion/webhook-receiver.ts">
        <metrics statements="19" coveredstatements="2" conditionals="21" coveredconditionals="0" methods="1" coveredmethods="0"/>
        <line num="7" count="6" type="stmt"/>
        <line num="10" count="6" type="stmt"/>
        <line num="11" count="0" type="stmt"/>
        <line num="12" count="0" type="stmt"/>
        <line num="15" count="0" type="cond" truecount="0" falsecount="2"/>
        <line num="16" count="0" type="stmt"/>
        <line num="17" count="0" type="cond" truecount="0" falsecount="2"/>
        <line num="19" count="0" type="stmt"/>
        <line num="29" count="0" type="stmt"/>
        <line num="33" count="0" type="cond" truecount="0" falsecount="2"/>
        <line num="34" count="0" type="stmt"/>
        <line num="35" count="0" type="cond" truecount="0" falsecount="2"/>
        <line num="36" count="0" type="cond" truecount="0" falsecount="3"/>
        <line num="38" count="0" type="stmt"/>
        <line num="57" count="0" type="stmt"/>
        <line num="61" count="0" type="stmt"/>
        <line num="62" count="0" type="stmt"/>
        <line num="64" count="0" type="stmt"/>
        <line num="73" count="0" type="stmt"/>
      </file>
    </package>
    <package name="lib">
      <metrics statements="15" coveredstatements="15" conditionals="8" coveredconditionals="7" methods="4" coveredmethods="4"/>
      <file name="config.ts" path="/Users/ahd-clawd/Desktop/work/statuspulse/src/lib/config.ts">
        <metrics statements="2" coveredstatements="2" conditionals="0" coveredconditionals="0" methods="0" coveredmethods="0"/>
        <line num="4" count="12" type="stmt"/>
        <line num="20" count="12" type="stmt"/>
      </file>
      <file name="normalize.ts" path="/Users/ahd-clawd/Desktop/work/statuspulse/src/lib/normalize.ts">
        <metrics statements="12" coveredstatements="12" conditionals="8" coveredconditionals="7" methods="4" coveredmethods="4"/>
        <line num="4" count="11" type="stmt"/>
        <line num="20" count="24" type="stmt"/>
        <line num="29" count="38" type="stmt"/>
        <line num="36" count="11" type="stmt"/>
        <line num="44" count="35" type="stmt"/>
        <line num="45" count="104" type="cond" truecount="2" falsecount="0"/>
        <line num="47" count="7" type="stmt"/>
        <line num="53" count="33" type="stmt"/>
        <line num="59" count="33" type="stmt"/>
        <line num="60" count="33" type="stmt"/>
        <line num="61" count="61" type="cond" truecount="2" falsecount="0"/>
        <line num="63" count="33" type="stmt"/>
      </file>
      <file name="types.ts" path="/Users/ahd-clawd/Desktop/work/statuspulse/src/lib/types.ts">
        <metrics statements="1" coveredstatements="1" conditionals="0" coveredconditionals="0" methods="0" coveredmethods="0"/>
        <line num="1" count="11" type="stmt"/>
      </file>
    </package>
    <package name="vendors">
      <metrics statements="14" coveredstatements="14" conditionals="5" coveredconditionals="5" methods="10" coveredmethods="10"/>
      <file name="catalog.json" path="/Users/ahd-clawd/Desktop/work/statuspulse/src/vendors/catalog.json">
        <metrics statements="0" coveredstatements="0" conditionals="0" coveredconditionals="0" methods="0" coveredmethods="0"/>
      </file>
      <file name="registry.ts" path="/Users/ahd-clawd/Desktop/work/statuspulse/src/vendors/registry.ts">
        <metrics statements="14" coveredstatements="14" conditionals="5" coveredconditionals="5" methods="10" coveredmethods="10"/>
        <line num="6" count="7" type="stmt"/>
        <line num="7" count="7" type="stmt"/>
        <line num="9" count="7" type="stmt"/>
        <line num="12" count="18" type="cond" truecount="2" falsecount="0"/>
        <line num="13" count="2" type="stmt"/>
        <line num="14" count="2" type="stmt"/>
        <line num="16" count="18" type="stmt"/>
        <line num="20" count="4" type="stmt"/>
        <line num="24" count="108" type="stmt"/>
        <line num="28" count="112" type="stmt"/>
        <line num="32" count="108" type="stmt"/>
        <line num="36" count="5" type="stmt"/>
        <line num="37" count="5" type="stmt"/>
        <line num="39" count="270" type="cond" truecount="3" falsecount="0"/>
      </file>
    </package>
  </project>
</coverage>
