{"/Users/ahd-clawd/Desktop/work/statuspulse/src/alerts/http-webhook.ts": {"path":"/Users/ahd-clawd/Desktop/work/statuspulse/src/alerts/http-webhook.ts","statementMap":{"0":{"start":{"line":9,"column":15},"end":{"line":17,"column":4}},"1":{"start":{"line":19,"column":42},"end":{"line":22,"column":null}},"2":{"start":{"line":24,"column":2},"end":{"line":28,"column":null}},"3":{"start":{"line":25,"column":10},"end":{"line":27,"column":20}},"4":{"start":{"line":28,"column":4},"end":{"line":28,"column":null}},"5":{"start":{"line":31,"column":15},"end":{"line":36,"column":4}},"6":{"start":{"line":38,"column":2},"end":{"line":39,"column":null}},"7":{"start":{"line":39,"column":4},"end":{"line":39,"column":null}}},"fnMap":{"0":{"name":"sendWebhookAlert","decl":{"start":{"line":4,"column":22},"end":{"line":4,"column":null}},"loc":{"start":{"line":8,"column":17},"end":{"line":39,"column":null}},"line":8}},"branchMap":{"0":{"loc":{"start":{"line":24,"column":2},"end":{"line":28,"column":null}},"type":"if","locations":[{"start":{"line":24,"column":2},"end":{"line":28,"column":null}},{"start":{},"end":{}}],"line":24},"1":{"loc":{"start":{"line":38,"column":2},"end":{"line":39,"column":null}},"type":"if","locations":[{"start":{"line":38,"column":2},"end":{"line":39,"column":null}},{"start":{},"end":{}}],"line":38}},"s":{"0":5,"1":5,"2":5,"3":1,"4":1,"5":5,"6":5,"7":1},"f":{"0":5},"b":{"0":[1,4],"1":[1,4]},"meta":{"lastBranch":2,"lastFunction":1,"lastStatement":8,"seen":{"f:4:22:4:Infinity":0,"s:9:15:17:4":0,"s:19:42:22:Infinity":1,"b:24:2:28:Infinity:undefined:undefined:undefined:undefined":0,"s:24:2:28:Infinity":2,"s:25:10:27:20":3,"s:28:4:28:Infinity":4,"s:31:15:36:4":5,"b:38:2:39:Infinity:undefined:undefined:undefined:undefined":1,"s:38:2:39:Infinity":6,"s:39:4:39:Infinity":7}}}
,"/Users/ahd-clawd/Desktop/work/statuspulse/src/alerts/slack.ts": {"path":"/Users/ahd-clawd/Desktop/work/statuspulse/src/alerts/slack.ts","statementMap":{"0":{"start":{"line":3,"column":44},"end":{"line":8,"column":null}},"1":{"start":{"line":14,"column":16},"end":{"line":14,"column":null}},"2":{"start":{"line":15,"column":20},"end":{"line":15,"column":null}},"3":{"start":{"line":17,"column":18},"end":{"line":56,"column":null}},"4":{"start":{"line":59,"column":15},"end":{"line":63,"column":4}},"5":{"start":{"line":65,"column":2},"end":{"line":66,"column":null}},"6":{"start":{"line":66,"column":4},"end":{"line":66,"column":null}}},"fnMap":{"0":{"name":"sendSlackAlert","decl":{"start":{"line":10,"column":22},"end":{"line":10,"column":null}},"loc":{"start":{"line":13,"column":17},"end":{"line":66,"column":null}},"line":13}},"branchMap":{"0":{"loc":{"start":{"line":14,"column":16},"end":{"line":14,"column":null}},"type":"binary-expr","locations":[{"start":{"line":14,"column":16},"end":{"line":14,"column":52}},{"start":{"line":14,"column":52},"end":{"line":14,"column":null}}],"line":14},"1":{"loc":{"start":{"line":15,"column":20},"end":{"line":15,"column":null}},"type":"binary-expr","locations":[{"start":{"line":15,"column":20},"end":{"line":15,"column":57}},{"start":{"line":15,"column":57},"end":{"line":15,"column":null}}],"line":15},"2":{"loc":{"start":{"line":44,"column":16},"end":{"line":44,"column":null}},"type":"binary-expr","locations":[{"start":{"line":44,"column":16},"end":{"line":44,"column":37}},{"start":{"line":44,"column":37},"end":{"line":44,"column":null}}],"line":44},"3":{"loc":{"start":{"line":65,"column":2},"end":{"line":66,"column":null}},"type":"if","locations":[{"start":{"line":65,"column":2},"end":{"line":66,"column":null}},{"start":{},"end":{}}],"line":65}},"s":{"0":1,"1":6,"2":6,"3":6,"4":6,"5":6,"6":1},"f":{"0":6},"b":{"0":[6,0],"1":[6,0],"2":[6,0],"3":[1,5]},"meta":{"lastBranch":4,"lastFunction":1,"lastStatement":7,"seen":{"s:3:44:8:Infinity":0,"f:10:22:10:Infinity":0,"s:14:16:14:Infinity":1,"b:14:16:14:52:14:52:14:Infinity":0,"s:15:20:15:Infinity":2,"b:15:20:15:57:15:57:15:Infinity":1,"s:17:18:56:Infinity":3,"b:44:16:44:37:44:37:44:Infinity":2,"s:59:15:63:4":4,"b:65:2:66:Infinity:undefined:undefined:undefined:undefined":3,"s:65:2:66:Infinity":5,"s:66:4:66:Infinity":6}}}
,"/Users/ahd-clawd/Desktop/work/statuspulse/src/api/server.ts": {"path":"/Users/ahd-clawd/Desktop/work/statuspulse/src/api/server.ts","statementMap":{"0":{"start":{"line":18,"column":14},"end":{"line":18,"column":24}},"1":{"start":{"line":20,"column":2},"end":{"line":20,"column":null}},"2":{"start":{"line":21,"column":2},"end":{"line":21,"column":null}},"3":{"start":{"line":24,"column":2},"end":{"line":24,"column":null}},"4":{"start":{"line":27,"column":2},"end":{"line":27,"column":null}},"5":{"start":{"line":27,"column":28},"end":{"line":27,"column":85}},"6":{"start":{"line":30,"column":14},"end":{"line":30,"column":24}},"7":{"start":{"line":31,"column":2},"end":{"line":31,"column":null}},"8":{"start":{"line":32,"column":2},"end":{"line":32,"column":null}},"9":{"start":{"line":33,"column":2},"end":{"line":33,"column":null}},"10":{"start":{"line":34,"column":2},"end":{"line":34,"column":null}},"11":{"start":{"line":35,"column":2},"end":{"line":35,"column":null}},"12":{"start":{"line":36,"column":2},"end":{"line":36,"column":null}},"13":{"start":{"line":37,"column":2},"end":{"line":37,"column":null}},"14":{"start":{"line":38,"column":2},"end":{"line":38,"column":null}},"15":{"start":{"line":40,"column":2},"end":{"line":40,"column":null}},"16":{"start":{"line":43,"column":2},"end":{"line":43,"column":null}},"17":{"start":{"line":46,"column":2},"end":{"line":55,"column":null}},"18":{"start":{"line":47,"column":4},"end":{"line":53,"column":null}},"19":{"start":{"line":48,"column":31},"end":{"line":48,"column":null}},"20":{"start":{"line":49,"column":23},"end":{"line":49,"column":null}},"21":{"start":{"line":50,"column":19},"end":{"line":50,"column":84}},"22":{"start":{"line":51,"column":6},"end":{"line":51,"column":null}},"23":{"start":{"line":53,"column":6},"end":{"line":53,"column":null}},"24":{"start":{"line":57,"column":2},"end":{"line":57,"column":null}},"25":{"start":{"line":61,"column":14},"end":{"line":61,"column":25}},"26":{"start":{"line":63,"column":8},"end":{"line":65,"column":null}},"27":{"start":{"line":64,"column":4},"end":{"line":64,"column":null}},"28":{"start":{"line":67,"column":2},"end":{"line":67,"column":null}}},"fnMap":{"0":{"name":"createApp","decl":{"start":{"line":17,"column":16},"end":{"line":17,"column":28}},"loc":{"start":{"line":17,"column":28},"end":{"line":57,"column":null}},"line":17},"1":{"name":"(anonymous_1)","decl":{"start":{"line":27,"column":10},"end":{"line":27,"column":22}},"loc":{"start":{"line":27,"column":28},"end":{"line":27,"column":85}},"line":27},"2":{"name":"(anonymous_2)","decl":{"start":{"line":46,"column":15},"end":{"line":46,"column":22}},"loc":{"start":{"line":46,"column":28},"end":{"line":55,"column":null}},"line":46},"3":{"name":"startApiServer","decl":{"start":{"line":60,"column":16},"end":{"line":60,"column":33}},"loc":{"start":{"line":60,"column":33},"end":{"line":67,"column":null}},"line":60},"4":{"name":"(anonymous_4)","decl":{"start":{"line":63,"column":66},"end":{"line":63,"column":69}},"loc":{"start":{"line":63,"column":78},"end":{"line":65,"column":null}},"line":63}},"branchMap":{},"s":{"0":29,"1":29,"2":29,"3":29,"4":29,"5":1,"6":29,"7":29,"8":29,"9":29,"10":29,"11":29,"12":29,"13":29,"14":29,"15":29,"16":29,"17":29,"18":0,"19":0,"20":0,"21":0,"22":0,"23":0,"24":29,"25":0,"26":0,"27":0,"28":0},"f":{"0":29,"1":1,"2":0,"3":0,"4":0},"b":{},"meta":{"lastBranch":0,"lastFunction":5,"lastStatement":29,"seen":{"f:17:16:17:28":0,"s:18:14:18:24":0,"s:20:2:20:Infinity":1,"s:21:2:21:Infinity":2,"s:24:2:24:Infinity":3,"s:27:2:27:Infinity":4,"f:27:10:27:22":1,"s:27:28:27:85":5,"s:30:14:30:24":6,"s:31:2:31:Infinity":7,"s:32:2:32:Infinity":8,"s:33:2:33:Infinity":9,"s:34:2:34:Infinity":10,"s:35:2:35:Infinity":11,"s:36:2:36:Infinity":12,"s:37:2:37:Infinity":13,"s:38:2:38:Infinity":14,"s:40:2:40:Infinity":15,"s:43:2:43:Infinity":16,"s:46:2:55:Infinity":17,"f:46:15:46:22":2,"s:47:4:53:Infinity":18,"s:48:31:48:Infinity":19,"s:49:23:49:Infinity":20,"s:50:19:50:84":21,"s:51:6:51:Infinity":22,"s:53:6:53:Infinity":23,"s:57:2:57:Infinity":24,"f:60:16:60:33":3,"s:61:14:61:25":25,"s:63:8:65:Infinity":26,"f:63:66:63:69":4,"s:64:4:64:Infinity":27,"s:67:2:67:Infinity":28}}}
,"/Users/ahd-clawd/Desktop/work/statuspulse/src/api/middleware/auth.ts": {"path":"/Users/ahd-clawd/Desktop/work/statuspulse/src/api/middleware/auth.ts","statementMap":{"0":{"start":{"line":4,"column":49},"end":{"line":26,"column":null}},"1":{"start":{"line":5,"column":2},"end":{"line":6,"column":null}},"2":{"start":{"line":6,"column":4},"end":{"line":6,"column":null}},"3":{"start":{"line":9,"column":21},"end":{"line":9,"column":50}},"4":{"start":{"line":10,"column":23},"end":{"line":10,"column":48}},"5":{"start":{"line":12,"column":2},"end":{"line":16,"column":null}},"6":{"start":{"line":13,"column":4},"end":{"line":14,"column":null}},"7":{"start":{"line":14,"column":6},"end":{"line":14,"column":null}},"8":{"start":{"line":16,"column":4},"end":{"line":16,"column":null}},"9":{"start":{"line":19,"column":2},"end":{"line":23,"column":null}},"10":{"start":{"line":20,"column":4},"end":{"line":21,"column":null}},"11":{"start":{"line":21,"column":6},"end":{"line":21,"column":null}},"12":{"start":{"line":23,"column":4},"end":{"line":23,"column":null}},"13":{"start":{"line":26,"column":2},"end":{"line":26,"column":null}}},"fnMap":{"0":{"name":"(anonymous_0)","decl":{"start":{"line":4,"column":49},"end":{"line":4,"column":56}},"loc":{"start":{"line":4,"column":68},"end":{"line":26,"column":null}},"line":4}},"branchMap":{"0":{"loc":{"start":{"line":5,"column":2},"end":{"line":6,"column":null}},"type":"if","locations":[{"start":{"line":5,"column":2},"end":{"line":6,"column":null}},{"start":{},"end":{}}],"line":5},"1":{"loc":{"start":{"line":12,"column":2},"end":{"line":16,"column":null}},"type":"if","locations":[{"start":{"line":12,"column":2},"end":{"line":16,"column":null}},{"start":{},"end":{}}],"line":12},"2":{"loc":{"start":{"line":13,"column":4},"end":{"line":14,"column":null}},"type":"if","locations":[{"start":{"line":13,"column":4},"end":{"line":14,"column":null}},{"start":{},"end":{}}],"line":13},"3":{"loc":{"start":{"line":13,"column":8},"end":{"line":13,"column":86}},"type":"binary-expr","locations":[{"start":{"line":13,"column":8},"end":{"line":13,"column":43}},{"start":{"line":13,"column":43},"end":{"line":13,"column":86}}],"line":13},"4":{"loc":{"start":{"line":19,"column":2},"end":{"line":23,"column":null}},"type":"if","locations":[{"start":{"line":19,"column":2},"end":{"line":23,"column":null}},{"start":{},"end":{}}],"line":19},"5":{"loc":{"start":{"line":20,"column":4},"end":{"line":21,"column":null}},"type":"if","locations":[{"start":{"line":20,"column":4},"end":{"line":21,"column":null}},{"start":{},"end":{}}],"line":20}},"s":{"0":6,"1":29,"2":29,"3":0,"4":0,"5":0,"6":0,"7":0,"8":0,"9":0,"10":0,"11":0,"12":0,"13":0},"f":{"0":29},"b":{"0":[29,0],"1":[0,0],"2":[0,0],"3":[0,0],"4":[0,0],"5":[0,0]},"meta":{"lastBranch":6,"lastFunction":1,"lastStatement":14,"seen":{"s:4:49:26:Infinity":0,"f:4:49:4:56":0,"b:5:2:6:Infinity:undefined:undefined:undefined:undefined":0,"s:5:2:6:Infinity":1,"s:6:4:6:Infinity":2,"s:9:21:9:50":3,"s:10:23:10:48":4,"b:12:2:16:Infinity:undefined:undefined:undefined:undefined":1,"s:12:2:16:Infinity":5,"b:13:4:14:Infinity:undefined:undefined:undefined:undefined":2,"s:13:4:14:Infinity":6,"b:13:8:13:43:13:43:13:86":3,"s:14:6:14:Infinity":7,"s:16:4:16:Infinity":8,"b:19:2:23:Infinity:undefined:undefined:undefined:undefined":4,"s:19:2:23:Infinity":9,"b:20:4:21:Infinity:undefined:undefined:undefined:undefined":5,"s:20:4:21:Infinity":10,"s:21:6:21:Infinity":11,"s:23:4:23:Infinity":12,"s:26:2:26:Infinity":13}}}
,"/Users/ahd-clawd/Desktop/work/statuspulse/src/api/routes/alert-targets.ts": {"path":"/Users/ahd-clawd/Desktop/work/statuspulse/src/api/routes/alert-targets.ts","statementMap":{"0":{"start":{"line":7,"column":34},"end":{"line":7,"column":44}},"1":{"start":{"line":10,"column":0},"end":{"line":13,"column":null}},"2":{"start":{"line":11,"column":18},"end":{"line":11,"column":54}},"3":{"start":{"line":12,"column":2},"end":{"line":12,"column":null}},"4":{"start":{"line":16,"column":0},"end":{"line":34,"column":null}},"5":{"start":{"line":17,"column":15},"end":{"line":17,"column":33}},"6":{"start":{"line":18,"column":8},"end":{"line":18,"column":25}},"7":{"start":{"line":20,"column":2},"end":{"line":31,"column":null}},"8":{"start":{"line":33,"column":2},"end":{"line":33,"column":null}},"9":{"start":{"line":37,"column":0},"end":{"line":41,"column":null}},"10":{"start":{"line":38,"column":13},"end":{"line":38,"column":30}},"11":{"start":{"line":39,"column":2},"end":{"line":39,"column":null}},"12":{"start":{"line":40,"column":2},"end":{"line":40,"column":null}},"13":{"start":{"line":44,"column":0},"end":{"line":67,"column":null}},"14":{"start":{"line":45,"column":13},"end":{"line":45,"column":30}},"15":{"start":{"line":46,"column":17},"end":{"line":46,"column":84}},"16":{"start":{"line":48,"column":2},"end":{"line":49,"column":null}},"17":{"start":{"line":49,"column":4},"end":{"line":49,"column":null}},"18":{"start":{"line":53,"column":2},"end":{"line":65,"column":null}},"19":{"start":{"line":54,"column":17},"end":{"line":60,"column":null}},"20":{"start":{"line":62,"column":19},"end":{"line":62,"column":36}},"21":{"start":{"line":63,"column":4},"end":{"line":63,"column":null}},"22":{"start":{"line":65,"column":4},"end":{"line":65,"column":null}}},"fnMap":{"0":{"name":"(anonymous_0)","decl":{"start":{"line":10,"column":28},"end":{"line":10,"column":35}},"loc":{"start":{"line":10,"column":41},"end":{"line":13,"column":null}},"line":10},"1":{"name":"(anonymous_1)","decl":{"start":{"line":16,"column":29},"end":{"line":16,"column":36}},"loc":{"start":{"line":16,"column":42},"end":{"line":34,"column":null}},"line":16},"2":{"name":"(anonymous_2)","decl":{"start":{"line":37,"column":34},"end":{"line":37,"column":41}},"loc":{"start":{"line":37,"column":47},"end":{"line":41,"column":null}},"line":37},"3":{"name":"(anonymous_3)","decl":{"start":{"line":44,"column":37},"end":{"line":44,"column":44}},"loc":{"start":{"line":44,"column":50},"end":{"line":67,"column":null}},"line":44}},"branchMap":{"0":{"loc":{"start":{"line":27,"column":15},"end":{"line":27,"column":null}},"type":"binary-expr","locations":[{"start":{"line":27,"column":15},"end":{"line":27,"column":31}},{"start":{"line":27,"column":31},"end":{"line":27,"column":null}}],"line":27},"1":{"loc":{"start":{"line":48,"column":2},"end":{"line":49,"column":null}},"type":"if","locations":[{"start":{"line":48,"column":2},"end":{"line":49,"column":null}},{"start":{},"end":{}}],"line":48},"2":{"loc":{"start":{"line":55,"column":9},"end":{"line":55,"column":68}},"type":"binary-expr","locations":[{"start":{"line":55,"column":9},"end":{"line":55,"column":44}},{"start":{"line":55,"column":44},"end":{"line":55,"column":68}}],"line":55}},"s":{"0":6,"1":6,"2":2,"3":2,"4":6,"5":1,"6":1,"7":1,"8":1,"9":6,"10":1,"11":1,"12":1,"13":6,"14":0,"15":0,"16":0,"17":0,"18":0,"19":0,"20":0,"21":0,"22":0},"f":{"0":2,"1":1,"2":1,"3":0},"b":{"0":[1,1],"1":[0,0],"2":[0,0]},"meta":{"lastBranch":3,"lastFunction":4,"lastStatement":23,"seen":{"s:7:34:7:44":0,"s:10:0:13:Infinity":1,"f:10:28:10:35":0,"s:11:18:11:54":2,"s:12:2:12:Infinity":3,"s:16:0:34:Infinity":4,"f:16:29:16:36":1,"s:17:15:17:33":5,"s:18:8:18:25":6,"s:20:2:31:Infinity":7,"b:27:15:27:31:27:31:27:Infinity":0,"s:33:2:33:Infinity":8,"s:37:0:41:Infinity":9,"f:37:34:37:41":2,"s:38:13:38:30":10,"s:39:2:39:Infinity":11,"s:40:2:40:Infinity":12,"s:44:0:67:Infinity":13,"f:44:37:44:44":3,"s:45:13:45:30":14,"s:46:17:46:84":15,"b:48:2:49:Infinity:undefined:undefined:undefined:undefined":1,"s:48:2:49:Infinity":16,"s:49:4:49:Infinity":17,"s:53:2:65:Infinity":18,"s:54:17:60:Infinity":19,"b:55:9:55:44:55:44:55:68":2,"s:62:19:62:36":20,"s:63:4:63:Infinity":21,"s:65:4:65:Infinity":22}}}
,"/Users/ahd-clawd/Desktop/work/statuspulse/src/api/routes/incidents.ts": {"path":"/Users/ahd-clawd/Desktop/work/statuspulse/src/api/routes/incidents.ts","statementMap":{"0":{"start":{"line":6,"column":31},"end":{"line":6,"column":41}},"1":{"start":{"line":9,"column":0},"end":{"line":31,"column":null}},"2":{"start":{"line":10,"column":17},"end":{"line":10,"column":null}},"3":{"start":{"line":11,"column":19},"end":{"line":11,"column":40}},"4":{"start":{"line":12,"column":17},"end":{"line":12,"column":38}},"5":{"start":{"line":13,"column":16},"end":{"line":13,"column":54}},"6":{"start":{"line":15,"column":14},"end":{"line":15,"column":41}},"7":{"start":{"line":16,"column":13},"end":{"line":16,"column":59}},"8":{"start":{"line":18,"column":2},"end":{"line":19,"column":null}},"9":{"start":{"line":19,"column":4},"end":{"line":19,"column":null}},"10":{"start":{"line":19,"column":30},"end":{"line":19,"column":44}},"11":{"start":{"line":21,"column":2},"end":{"line":22,"column":null}},"12":{"start":{"line":22,"column":4},"end":{"line":22,"column":null}},"13":{"start":{"line":22,"column":30},"end":{"line":22,"column":55}},"14":{"start":{"line":24,"column":2},"end":{"line":25,"column":null}},"15":{"start":{"line":25,"column":4},"end":{"line":25,"column":null}},"16":{"start":{"line":25,"column":30},"end":{"line":25,"column":50}},"17":{"start":{"line":28,"column":2},"end":{"line":28,"column":null}},"18":{"start":{"line":30,"column":2},"end":{"line":30,"column":null}},"19":{"start":{"line":34,"column":0},"end":{"line":50,"column":null}},"20":{"start":{"line":35,"column":13},"end":{"line":35,"column":30}},"21":{"start":{"line":36,"column":19},"end":{"line":36,"column":80}},"22":{"start":{"line":38,"column":2},"end":{"line":39,"column":null}},"23":{"start":{"line":39,"column":4},"end":{"line":39,"column":null}},"24":{"start":{"line":42,"column":18},"end":{"line":47,"column":10}},"25":{"start":{"line":49,"column":2},"end":{"line":49,"column":null}}},"fnMap":{"0":{"name":"(anonymous_0)","decl":{"start":{"line":9,"column":25},"end":{"line":9,"column":32}},"loc":{"start":{"line":9,"column":38},"end":{"line":31,"column":null}},"line":9},"1":{"name":"(anonymous_1)","decl":{"start":{"line":19,"column":16},"end":{"line":19,"column":24}},"loc":{"start":{"line":19,"column":30},"end":{"line":19,"column":44}},"line":19},"2":{"name":"(anonymous_2)","decl":{"start":{"line":22,"column":16},"end":{"line":22,"column":24}},"loc":{"start":{"line":22,"column":30},"end":{"line":22,"column":55}},"line":22},"3":{"name":"(anonymous_3)","decl":{"start":{"line":25,"column":16},"end":{"line":25,"column":24}},"loc":{"start":{"line":25,"column":30},"end":{"line":25,"column":50}},"line":25},"4":{"name":"(anonymous_4)","decl":{"start":{"line":34,"column":28},"end":{"line":34,"column":35}},"loc":{"start":{"line":34,"column":41},"end":{"line":50,"column":null}},"line":34}},"branchMap":{"0":{"loc":{"start":{"line":13,"column":25},"end":{"line":13,"column":54}},"type":"binary-expr","locations":[{"start":{"line":13,"column":25},"end":{"line":13,"column":45}},{"start":{"line":13,"column":49},"end":{"line":13,"column":54}}],"line":13},"1":{"loc":{"start":{"line":18,"column":2},"end":{"line":19,"column":null}},"type":"if","locations":[{"start":{"line":18,"column":2},"end":{"line":19,"column":null}},{"start":{},"end":{}}],"line":18},"2":{"loc":{"start":{"line":21,"column":2},"end":{"line":22,"column":null}},"type":"if","locations":[{"start":{"line":21,"column":2},"end":{"line":22,"column":null}},{"start":{},"end":{}}],"line":21},"3":{"loc":{"start":{"line":24,"column":2},"end":{"line":25,"column":null}},"type":"if","locations":[{"start":{"line":24,"column":2},"end":{"line":25,"column":null}},{"start":{},"end":{}}],"line":24},"4":{"loc":{"start":{"line":38,"column":2},"end":{"line":39,"column":null}},"type":"if","locations":[{"start":{"line":38,"column":2},"end":{"line":39,"column":null}},{"start":{},"end":{}}],"line":38}},"s":{"0":6,"1":6,"2":5,"3":5,"4":5,"5":5,"6":5,"7":5,"8":5,"9":3,"10":9,"11":5,"12":1,"13":2,"14":5,"15":1,"16":2,"17":5,"18":5,"19":6,"20":2,"21":2,"22":2,"23":1,"24":1,"25":1},"f":{"0":5,"1":9,"2":2,"3":2,"4":2},"b":{"0":[5,4],"1":[3,2],"2":[1,4],"3":[1,4],"4":[1,1]},"meta":{"lastBranch":5,"lastFunction":5,"lastStatement":26,"seen":{"s:6:31:6:41":0,"s:9:0:31:Infinity":1,"f:9:25:9:32":0,"s:10:17:10:Infinity":2,"s:11:19:11:40":3,"s:12:17:12:38":4,"s:13:16:13:54":5,"b:13:25:13:45:13:49:13:54":0,"s:15:14:15:41":6,"s:16:13:16:59":7,"b:18:2:19:Infinity:undefined:undefined:undefined:undefined":1,"s:18:2:19:Infinity":8,"s:19:4:19:Infinity":9,"f:19:16:19:24":1,"s:19:30:19:44":10,"b:21:2:22:Infinity:undefined:undefined:undefined:undefined":2,"s:21:2:22:Infinity":11,"s:22:4:22:Infinity":12,"f:22:16:22:24":2,"s:22:30:22:55":13,"b:24:2:25:Infinity:undefined:undefined:undefined:undefined":3,"s:24:2:25:Infinity":14,"s:25:4:25:Infinity":15,"f:25:16:25:24":3,"s:25:30:25:50":16,"s:28:2:28:Infinity":17,"s:30:2:30:Infinity":18,"s:34:0:50:Infinity":19,"f:34:28:34:35":4,"s:35:13:35:30":20,"s:36:19:36:80":21,"b:38:2:39:Infinity:undefined:undefined:undefined:undefined":4,"s:38:2:39:Infinity":22,"s:39:4:39:Infinity":23,"s:42:18:47:10":24,"s:49:2:49:Infinity":25}}}
,"/Users/ahd-clawd/Desktop/work/statuspulse/src/api/routes/plugins.ts": {"path":"/Users/ahd-clawd/Desktop/work/statuspulse/src/api/routes/plugins.ts","statementMap":{"0":{"start":{"line":7,"column":29},"end":{"line":7,"column":39}},"1":{"start":{"line":10,"column":0},"end":{"line":18,"column":null}},"2":{"start":{"line":11,"column":15},"end":{"line":11,"column":46}},"3":{"start":{"line":12,"column":2},"end":{"line":17,"column":null}},"4":{"start":{"line":13,"column":30},"end":{"line":16,"column":7}},"5":{"start":{"line":21,"column":0},"end":{"line":95,"column":null}},"6":{"start":{"line":22,"column":15},"end":{"line":22,"column":33}},"7":{"start":{"line":23,"column":13},"end":{"line":23,"column":36}},"8":{"start":{"line":41,"column":2},"end":{"line":58,"column":null}},"9":{"start":{"line":61,"column":2},"end":{"line":78,"column":null}},"10":{"start":{"line":81,"column":2},"end":{"line":90,"column":null}},"11":{"start":{"line":82,"column":4},"end":{"line":89,"column":null}},"12":{"start":{"line":94,"column":2},"end":{"line":94,"column":null}},"13":{"start":{"line":98,"column":0},"end":{"line":109,"column":null}},"14":{"start":{"line":99,"column":13},"end":{"line":99,"column":30}},"15":{"start":{"line":100,"column":15},"end":{"line":100,"column":33}},"16":{"start":{"line":102,"column":23},"end":{"line":102,"column":25}},"17":{"start":{"line":103,"column":2},"end":{"line":103,"column":null}},"18":{"start":{"line":103,"column":17},"end":{"line":103,"column":null}},"19":{"start":{"line":104,"column":2},"end":{"line":104,"column":null}},"20":{"start":{"line":104,"column":19},"end":{"line":104,"column":null}},"21":{"start":{"line":105,"column":2},"end":{"line":105,"column":null}},"22":{"start":{"line":105,"column":34},"end":{"line":105,"column":null}},"23":{"start":{"line":107,"column":2},"end":{"line":107,"column":null}},"24":{"start":{"line":108,"column":2},"end":{"line":108,"column":null}},"25":{"start":{"line":112,"column":0},"end":{"line":117,"column":null}},"26":{"start":{"line":113,"column":13},"end":{"line":113,"column":30}},"27":{"start":{"line":114,"column":2},"end":{"line":114,"column":null}},"28":{"start":{"line":115,"column":2},"end":{"line":115,"column":null}},"29":{"start":{"line":116,"column":2},"end":{"line":116,"column":null}}},"fnMap":{"0":{"name":"(anonymous_0)","decl":{"start":{"line":10,"column":23},"end":{"line":10,"column":30}},"loc":{"start":{"line":10,"column":36},"end":{"line":18,"column":null}},"line":10},"1":{"name":"(anonymous_1)","decl":{"start":{"line":13,"column":18},"end":{"line":13,"column":23}},"loc":{"start":{"line":13,"column":30},"end":{"line":16,"column":7}},"line":13},"2":{"name":"(anonymous_2)","decl":{"start":{"line":21,"column":24},"end":{"line":21,"column":31}},"loc":{"start":{"line":21,"column":37},"end":{"line":95,"column":null}},"line":21},"3":{"name":"(anonymous_3)","decl":{"start":{"line":98,"column":28},"end":{"line":98,"column":35}},"loc":{"start":{"line":98,"column":41},"end":{"line":109,"column":null}},"line":98},"4":{"name":"(anonymous_4)","decl":{"start":{"line":112,"column":29},"end":{"line":112,"column":36}},"loc":{"start":{"line":112,"column":42},"end":{"line":117,"column":null}},"line":112}},"branchMap":{"0":{"loc":{"start":{"line":23,"column":13},"end":{"line":23,"column":36}},"type":"binary-expr","locations":[{"start":{"line":23,"column":13},"end":{"line":23,"column":24}},{"start":{"line":23,"column":18},"end":{"line":23,"column":36}}],"line":23},"1":{"loc":{"start":{"line":45,"column":12},"end":{"line":45,"column":null}},"type":"binary-expr","locations":[{"start":{"line":45,"column":12},"end":{"line":45,"column":25}},{"start":{"line":45,"column":25},"end":{"line":45,"column":null}}],"line":45},"2":{"loc":{"start":{"line":47,"column":15},"end":{"line":47,"column":null}},"type":"binary-expr","locations":[{"start":{"line":47,"column":15},"end":{"line":47,"column":31}},{"start":{"line":47,"column":31},"end":{"line":47,"column":null}}],"line":47},"3":{"loc":{"start":{"line":53,"column":14},"end":{"line":53,"column":null}},"type":"binary-expr","locations":[{"start":{"line":53,"column":14},"end":{"line":53,"column":27}},{"start":{"line":53,"column":27},"end":{"line":53,"column":null}}],"line":53},"4":{"loc":{"start":{"line":55,"column":17},"end":{"line":55,"column":null}},"type":"binary-expr","locations":[{"start":{"line":55,"column":17},"end":{"line":55,"column":33}},{"start":{"line":55,"column":33},"end":{"line":55,"column":null}}],"line":55},"5":{"loc":{"start":{"line":66,"column":16},"end":{"line":66,"column":null}},"type":"binary-expr","locations":[{"start":{"line":66,"column":16},"end":{"line":66,"column":33}},{"start":{"line":66,"column":33},"end":{"line":66,"column":null}}],"line":66},"6":{"loc":{"start":{"line":67,"column":14},"end":{"line":67,"column":null}},"type":"binary-expr","locations":[{"start":{"line":67,"column":14},"end":{"line":67,"column":37}},{"start":{"line":67,"column":37},"end":{"line":67,"column":null}}],"line":67},"7":{"loc":{"start":{"line":74,"column":18},"end":{"line":74,"column":null}},"type":"binary-expr","locations":[{"start":{"line":74,"column":18},"end":{"line":74,"column":35}},{"start":{"line":74,"column":35},"end":{"line":74,"column":null}}],"line":74},"8":{"loc":{"start":{"line":75,"column":16},"end":{"line":75,"column":null}},"type":"binary-expr","locations":[{"start":{"line":75,"column":16},"end":{"line":75,"column":39}},{"start":{"line":75,"column":39},"end":{"line":75,"column":null}}],"line":75},"9":{"loc":{"start":{"line":83,"column":9},"end":{"line":83,"column":68}},"type":"binary-expr","locations":[{"start":{"line":83,"column":9},"end":{"line":83,"column":44}},{"start":{"line":83,"column":44},"end":{"line":83,"column":68}}],"line":83},"10":{"loc":{"start":{"line":103,"column":2},"end":{"line":103,"column":null}},"type":"if","locations":[{"start":{"line":103,"column":2},"end":{"line":103,"column":null}},{"start":{},"end":{}}],"line":103},"11":{"loc":{"start":{"line":104,"column":2},"end":{"line":104,"column":null}},"type":"if","locations":[{"start":{"line":104,"column":2},"end":{"line":104,"column":null}},{"start":{},"end":{}}],"line":104},"12":{"loc":{"start":{"line":105,"column":2},"end":{"line":105,"column":null}},"type":"if","locations":[{"start":{"line":105,"column":2},"end":{"line":105,"column":null}},{"start":{},"end":{}}],"line":105}},"s":{"0":6,"1":6,"2":1,"3":1,"4":1,"5":6,"6":1,"7":1,"8":1,"9":1,"10":1,"11":1,"12":1,"13":6,"14":0,"15":0,"16":0,"17":0,"18":0,"19":0,"20":0,"21":0,"22":0,"23":0,"24":0,"25":6,"26":1,"27":1,"28":1,"29":1},"f":{"0":1,"1":1,"2":1,"3":0,"4":1},"b":{"0":[1,0],"1":[1,0],"2":[1,1],"3":[1,0],"4":[1,1],"5":[1,0],"6":[1,0],"7":[1,0],"8":[1,0],"9":[1,1],"10":[0,0],"11":[0,0],"12":[0,0]},"meta":{"lastBranch":13,"lastFunction":5,"lastStatement":30,"seen":{"s:7:29:7:39":0,"s:10:0:18:Infinity":1,"f:10:23:10:30":0,"s:11:15:11:46":2,"s:12:2:17:Infinity":3,"f:13:18:13:23":1,"s:13:30:16:7":4,"s:21:0:95:Infinity":5,"f:21:24:21:31":2,"s:22:15:22:33":6,"s:23:13:23:36":7,"b:23:13:23:24:23:18:23:36":0,"s:41:2:58:Infinity":8,"b:45:12:45:25:45:25:45:Infinity":1,"b:47:15:47:31:47:31:47:Infinity":2,"b:53:14:53:27:53:27:53:Infinity":3,"b:55:17:55:33:55:33:55:Infinity":4,"s:61:2:78:Infinity":9,"b:66:16:66:33:66:33:66:Infinity":5,"b:67:14:67:37:67:37:67:Infinity":6,"b:74:18:74:35:74:35:74:Infinity":7,"b:75:16:75:39:75:39:75:Infinity":8,"s:81:2:90:Infinity":10,"s:82:4:89:Infinity":11,"b:83:9:83:44:83:44:83:68":9,"s:94:2:94:Infinity":12,"s:98:0:109:Infinity":13,"f:98:28:98:35":3,"s:99:13:99:30":14,"s:100:15:100:33":15,"s:102:23:102:25":16,"b:103:2:103:Infinity:undefined:undefined:undefined:undefined":10,"s:103:2:103:Infinity":17,"s:103:17:103:Infinity":18,"b:104:2:104:Infinity:undefined:undefined:undefined:undefined":11,"s:104:2:104:Infinity":19,"s:104:19:104:Infinity":20,"b:105:2:105:Infinity:undefined:undefined:undefined:undefined":12,"s:105:2:105:Infinity":21,"s:105:34:105:Infinity":22,"s:107:2:107:Infinity":23,"s:108:2:108:Infinity":24,"s:112:0:117:Infinity":25,"f:112:29:112:36":4,"s:113:13:113:30":26,"s:114:2:114:Infinity":27,"s:115:2:115:Infinity":28,"s:116:2:116:Infinity":29}}}
,"/Users/ahd-clawd/Desktop/work/statuspulse/src/api/routes/services.ts": {"path":"/Users/ahd-clawd/Desktop/work/statuspulse/src/api/routes/services.ts","statementMap":{"0":{"start":{"line":7,"column":30},"end":{"line":7,"column":40}},"1":{"start":{"line":10,"column":0},"end":{"line":28,"column":null}},"2":{"start":{"line":11,"column":17},"end":{"line":11,"column":38}},"3":{"start":{"line":12,"column":19},"end":{"line":12,"column":42}},"4":{"start":{"line":13,"column":22},"end":{"line":13,"column":null}},"5":{"start":{"line":15,"column":13},"end":{"line":15,"column":45}},"6":{"start":{"line":17,"column":2},"end":{"line":18,"column":null}},"7":{"start":{"line":18,"column":4},"end":{"line":18,"column":null}},"8":{"start":{"line":18,"column":30},"end":{"line":18,"column":50}},"9":{"start":{"line":20,"column":2},"end":{"line":21,"column":null}},"10":{"start":{"line":21,"column":4},"end":{"line":21,"column":null}},"11":{"start":{"line":21,"column":30},"end":{"line":21,"column":54}},"12":{"start":{"line":23,"column":2},"end":{"line":24,"column":null}},"13":{"start":{"line":24,"column":4},"end":{"line":24,"column":null}},"14":{"start":{"line":24,"column":30},"end":{"line":24,"column":40}},"15":{"start":{"line":27,"column":2},"end":{"line":27,"column":null}},"16":{"start":{"line":31,"column":0},"end":{"line":46,"column":null}},"17":{"start":{"line":32,"column":13},"end":{"line":32,"column":30}},"18":{"start":{"line":33,"column":18},"end":{"line":33,"column":77}},"19":{"start":{"line":35,"column":2},"end":{"line":36,"column":null}},"20":{"start":{"line":36,"column":4},"end":{"line":36,"column":null}},"21":{"start":{"line":39,"column":16},"end":{"line":43,"column":10}},"22":{"start":{"line":45,"column":2},"end":{"line":45,"column":null}},"23":{"start":{"line":49,"column":0},"end":{"line":78,"column":null}},"24":{"start":{"line":50,"column":15},"end":{"line":50,"column":33}},"25":{"start":{"line":51,"column":40},"end":{"line":51,"column":null}},"26":{"start":{"line":53,"column":8},"end":{"line":53,"column":40}},"27":{"start":{"line":54,"column":2},"end":{"line":55,"column":null}},"28":{"start":{"line":55,"column":4},"end":{"line":55,"column":null}},"29":{"start":{"line":58,"column":2},"end":{"line":75,"column":null}},"30":{"start":{"line":77,"column":2},"end":{"line":77,"column":null}},"31":{"start":{"line":81,"column":0},"end":{"line":91,"column":null}},"32":{"start":{"line":82,"column":13},"end":{"line":82,"column":30}},"33":{"start":{"line":83,"column":15},"end":{"line":83,"column":33}},"34":{"start":{"line":85,"column":2},"end":{"line":88,"column":null}},"35":{"start":{"line":90,"column":2},"end":{"line":90,"column":null}},"36":{"start":{"line":94,"column":0},"end":{"line":98,"column":null}},"37":{"start":{"line":95,"column":13},"end":{"line":95,"column":30}},"38":{"start":{"line":96,"column":2},"end":{"line":96,"column":null}},"39":{"start":{"line":97,"column":2},"end":{"line":97,"column":null}},"40":{"start":{"line":101,"column":0},"end":{"line":104,"column":null}},"41":{"start":{"line":102,"column":8},"end":{"line":102,"column":33}},"42":{"start":{"line":103,"column":2},"end":{"line":103,"column":null}}},"fnMap":{"0":{"name":"(anonymous_0)","decl":{"start":{"line":10,"column":24},"end":{"line":10,"column":31}},"loc":{"start":{"line":10,"column":37},"end":{"line":28,"column":null}},"line":10},"1":{"name":"(anonymous_1)","decl":{"start":{"line":18,"column":16},"end":{"line":18,"column":24}},"loc":{"start":{"line":18,"column":30},"end":{"line":18,"column":50}},"line":18},"2":{"name":"(anonymous_2)","decl":{"start":{"line":21,"column":16},"end":{"line":21,"column":24}},"loc":{"start":{"line":21,"column":30},"end":{"line":21,"column":54}},"line":21},"3":{"name":"(anonymous_3)","decl":{"start":{"line":24,"column":16},"end":{"line":24,"column":24}},"loc":{"start":{"line":24,"column":30},"end":{"line":24,"column":40}},"line":24},"4":{"name":"(anonymous_4)","decl":{"start":{"line":31,"column":27},"end":{"line":31,"column":34}},"loc":{"start":{"line":31,"column":40},"end":{"line":46,"column":null}},"line":31},"5":{"name":"(anonymous_5)","decl":{"start":{"line":49,"column":25},"end":{"line":49,"column":32}},"loc":{"start":{"line":49,"column":38},"end":{"line":78,"column":null}},"line":49},"6":{"name":"(anonymous_6)","decl":{"start":{"line":81,"column":29},"end":{"line":81,"column":36}},"loc":{"start":{"line":81,"column":42},"end":{"line":91,"column":null}},"line":81},"7":{"name":"(anonymous_7)","decl":{"start":{"line":94,"column":30},"end":{"line":94,"column":37}},"loc":{"start":{"line":94,"column":43},"end":{"line":98,"column":null}},"line":94},"8":{"name":"(anonymous_8)","decl":{"start":{"line":101,"column":35},"end":{"line":101,"column":42}},"loc":{"start":{"line":101,"column":48},"end":{"line":104,"column":null}},"line":101}},"branchMap":{"0":{"loc":{"start":{"line":17,"column":2},"end":{"line":18,"column":null}},"type":"if","locations":[{"start":{"line":17,"column":2},"end":{"line":18,"column":null}},{"start":{},"end":{}}],"line":17},"1":{"loc":{"start":{"line":20,"column":2},"end":{"line":21,"column":null}},"type":"if","locations":[{"start":{"line":20,"column":2},"end":{"line":21,"column":null}},{"start":{},"end":{}}],"line":20},"2":{"loc":{"start":{"line":23,"column":2},"end":{"line":24,"column":null}},"type":"if","locations":[{"start":{"line":23,"column":2},"end":{"line":24,"column":null}},{"start":{},"end":{}}],"line":23},"3":{"loc":{"start":{"line":35,"column":2},"end":{"line":36,"column":null}},"type":"if","locations":[{"start":{"line":35,"column":2},"end":{"line":36,"column":null}},{"start":{},"end":{}}],"line":35},"4":{"loc":{"start":{"line":54,"column":2},"end":{"line":55,"column":null}},"type":"if","locations":[{"start":{"line":54,"column":2},"end":{"line":55,"column":null}},{"start":{},"end":{}}],"line":54},"5":{"loc":{"start":{"line":60,"column":10},"end":{"line":60,"column":null}},"type":"cond-expr","locations":[{"start":{"line":60,"column":19},"end":{"line":60,"column":45}},{"start":{"line":60,"column":45},"end":{"line":60,"column":null}}],"line":60},"6":{"loc":{"start":{"line":65,"column":14},"end":{"line":65,"column":null}},"type":"binary-expr","locations":[{"start":{"line":65,"column":14},"end":{"line":65,"column":24}},{"start":{"line":65,"column":24},"end":{"line":65,"column":null}}],"line":65},"7":{"loc":{"start":{"line":66,"column":15},"end":{"line":66,"column":null}},"type":"binary-expr","locations":[{"start":{"line":66,"column":15},"end":{"line":66,"column":26}},{"start":{"line":66,"column":26},"end":{"line":66,"column":null}}],"line":66},"8":{"loc":{"start":{"line":71,"column":17},"end":{"line":71,"column":null}},"type":"binary-expr","locations":[{"start":{"line":71,"column":17},"end":{"line":71,"column":28}},{"start":{"line":71,"column":28},"end":{"line":71,"column":null}}],"line":71},"9":{"loc":{"start":{"line":72,"column":16},"end":{"line":72,"column":null}},"type":"binary-expr","locations":[{"start":{"line":72,"column":16},"end":{"line":72,"column":26}},{"start":{"line":72,"column":26},"end":{"line":72,"column":null}}],"line":72}},"s":{"0":6,"1":6,"2":5,"3":5,"4":5,"5":5,"6":5,"7":1,"8":3,"9":5,"10":1,"11":3,"12":5,"13":4,"14":5,"15":5,"16":6,"17":2,"18":2,"19":2,"20":1,"21":1,"22":1,"23":6,"24":2,"25":2,"26":2,"27":2,"28":1,"29":1,"30":2,"31":6,"32":0,"33":0,"34":0,"35":0,"36":6,"37":0,"38":0,"39":0,"40":6,"41":0,"42":0},"f":{"0":5,"1":3,"2":3,"3":5,"4":2,"5":2,"6":0,"7":0,"8":0},"b":{"0":[1,4],"1":[1,4],"2":[4,1],"3":[1,1],"4":[1,1],"5":[0,1],"6":[2,1],"7":[2,1],"8":[2,1],"9":[2,1]},"meta":{"lastBranch":10,"lastFunction":9,"lastStatement":43,"seen":{"s:7:30:7:40":0,"s:10:0:28:Infinity":1,"f:10:24:10:31":0,"s:11:17:11:38":2,"s:12:19:12:42":3,"s:13:22:13:Infinity":4,"s:15:13:15:45":5,"b:17:2:18:Infinity:undefined:undefined:undefined:undefined":0,"s:17:2:18:Infinity":6,"s:18:4:18:Infinity":7,"f:18:16:18:24":1,"s:18:30:18:50":8,"b:20:2:21:Infinity:undefined:undefined:undefined:undefined":1,"s:20:2:21:Infinity":9,"s:21:4:21:Infinity":10,"f:21:16:21:24":2,"s:21:30:21:54":11,"b:23:2:24:Infinity:undefined:undefined:undefined:undefined":2,"s:23:2:24:Infinity":12,"s:24:4:24:Infinity":13,"f:24:16:24:24":3,"s:24:30:24:40":14,"s:27:2:27:Infinity":15,"s:31:0:46:Infinity":16,"f:31:27:31:34":4,"s:32:13:32:30":17,"s:33:18:33:77":18,"b:35:2:36:Infinity:undefined:undefined:undefined:undefined":3,"s:35:2:36:Infinity":19,"s:36:4:36:Infinity":20,"s:39:16:43:10":21,"s:45:2:45:Infinity":22,"s:49:0:78:Infinity":23,"f:49:25:49:32":5,"s:50:15:50:33":24,"s:51:40:51:Infinity":25,"s:53:8:53:40":26,"b:54:2:55:Infinity:undefined:undefined:undefined:undefined":4,"s:54:2:55:Infinity":27,"s:55:4:55:Infinity":28,"s:58:2:75:Infinity":29,"b:60:19:60:45:60:45:60:Infinity":5,"b:65:14:65:24:65:24:65:Infinity":6,"b:66:15:66:26:66:26:66:Infinity":7,"b:71:17:71:28:71:28:71:Infinity":8,"b:72:16:72:26:72:26:72:Infinity":9,"s:77:2:77:Infinity":30,"s:81:0:91:Infinity":31,"f:81:29:81:36":6,"s:82:13:82:30":32,"s:83:15:83:33":33,"s:85:2:88:Infinity":34,"s:90:2:90:Infinity":35,"s:94:0:98:Infinity":36,"f:94:30:94:37":7,"s:95:13:95:30":37,"s:96:2:96:Infinity":38,"s:97:2:97:Infinity":39,"s:101:0:104:Infinity":40,"f:101:35:101:42":8,"s:102:8:102:33":41,"s:103:2:103:Infinity":42}}}
,"/Users/ahd-clawd/Desktop/work/statuspulse/src/api/routes/status.ts": {"path":"/Users/ahd-clawd/Desktop/work/statuspulse/src/api/routes/status.ts","statementMap":{"0":{"start":{"line":8,"column":28},"end":{"line":8,"column":38}},"1":{"start":{"line":11,"column":0},"end":{"line":63,"column":null}},"2":{"start":{"line":12,"column":17},"end":{"line":12,"column":38}},"3":{"start":{"line":13,"column":20},"end":{"line":17,"column":10}},"4":{"start":{"line":19,"column":2},"end":{"line":20,"column":null}},"5":{"start":{"line":20,"column":4},"end":{"line":20,"column":null}},"6":{"start":{"line":20,"column":44},"end":{"line":20,"column":64}},"7":{"start":{"line":23,"column":26},"end":{"line":27,"column":33}},"8":{"start":{"line":27,"column":19},"end":{"line":27,"column":33}},"9":{"start":{"line":29,"column":19},"end":{"line":29,"column":75}},"10":{"start":{"line":29,"column":42},"end":{"line":29,"column":75}},"11":{"start":{"line":30,"column":8},"end":{"line":30,"column":39}},"12":{"start":{"line":32,"column":86},"end":{"line":32,"column":88}},"13":{"start":{"line":33,"column":2},"end":{"line":41,"column":null}},"14":{"start":{"line":34,"column":4},"end":{"line":35,"column":null}},"15":{"start":{"line":35,"column":6},"end":{"line":35,"column":null}},"16":{"start":{"line":37,"column":4},"end":{"line":37,"column":null}},"17":{"start":{"line":38,"column":24},"end":{"line":40,"column":51}},"18":{"start":{"line":39,"column":21},"end":{"line":39,"column":47}},"19":{"start":{"line":40,"column":18},"end":{"line":40,"column":51}},"20":{"start":{"line":41,"column":4},"end":{"line":41,"column":null}},"21":{"start":{"line":45,"column":18},"end":{"line":45,"column":76}},"22":{"start":{"line":45,"column":53},"end":{"line":45,"column":74}},"23":{"start":{"line":46,"column":84},"end":{"line":46,"column":86}},"24":{"start":{"line":47,"column":2},"end":{"line":52,"column":null}},"25":{"start":{"line":48,"column":27},"end":{"line":48,"column":82}},"26":{"start":{"line":48,"column":47},"end":{"line":48,"column":82}},"27":{"start":{"line":49,"column":4},"end":{"line":52,"column":null}},"28":{"start":{"line":50,"column":52},"end":{"line":50,"column":85}},"29":{"start":{"line":55,"column":2},"end":{"line":62,"column":null}}},"fnMap":{"0":{"name":"(anonymous_0)","decl":{"start":{"line":11,"column":22},"end":{"line":11,"column":29}},"loc":{"start":{"line":11,"column":35},"end":{"line":63,"column":null}},"line":11},"1":{"name":"(anonymous_1)","decl":{"start":{"line":20,"column":30},"end":{"line":20,"column":38}},"loc":{"start":{"line":20,"column":44},"end":{"line":20,"column":64}},"line":20},"2":{"name":"(anonymous_2)","decl":{"start":{"line":27,"column":5},"end":{"line":27,"column":13}},"loc":{"start":{"line":27,"column":19},"end":{"line":27,"column":33}},"line":27},"3":{"name":"(anonymous_3)","decl":{"start":{"line":29,"column":31},"end":{"line":29,"column":36}},"loc":{"start":{"line":29,"column":42},"end":{"line":29,"column":75}},"line":29},"4":{"name":"(anonymous_4)","decl":{"start":{"line":39,"column":7},"end":{"line":39,"column":15}},"loc":{"start":{"line":39,"column":21},"end":{"line":39,"column":47}},"line":39},"5":{"name":"(anonymous_5)","decl":{"start":{"line":40,"column":7},"end":{"line":40,"column":12}},"loc":{"start":{"line":40,"column":18},"end":{"line":40,"column":51}},"line":40},"6":{"name":"(anonymous_6)","decl":{"start":{"line":45,"column":42},"end":{"line":45,"column":47}},"loc":{"start":{"line":45,"column":53},"end":{"line":45,"column":74}},"line":45},"7":{"name":"(anonymous_7)","decl":{"start":{"line":48,"column":39},"end":{"line":48,"column":47}},"loc":{"start":{"line":48,"column":47},"end":{"line":48,"column":82}},"line":48},"8":{"name":"(anonymous_8)","decl":{"start":{"line":50,"column":41},"end":{"line":50,"column":46}},"loc":{"start":{"line":50,"column":52},"end":{"line":50,"column":85}},"line":50}},"branchMap":{"0":{"loc":{"start":{"line":19,"column":2},"end":{"line":20,"column":null}},"type":"if","locations":[{"start":{"line":19,"column":2},"end":{"line":20,"column":null}},{"start":{},"end":{}}],"line":19},"1":{"loc":{"start":{"line":34,"column":4},"end":{"line":35,"column":null}},"type":"if","locations":[{"start":{"line":34,"column":4},"end":{"line":35,"column":null}},{"start":{},"end":{}}],"line":34},"2":{"loc":{"start":{"line":45,"column":53},"end":{"line":45,"column":74}},"type":"binary-expr","locations":[{"start":{"line":45,"column":53},"end":{"line":45,"column":65}},{"start":{"line":45,"column":65},"end":{"line":45,"column":74}}],"line":45},"3":{"loc":{"start":{"line":48,"column":54},"end":{"line":48,"column":80}},"type":"binary-expr","locations":[{"start":{"line":48,"column":54},"end":{"line":48,"column":66}},{"start":{"line":48,"column":66},"end":{"line":48,"column":80}}],"line":48}},"s":{"0":6,"1":6,"2":6,"3":6,"4":6,"5":1,"6":2,"7":6,"8":2,"9":6,"10":12,"11":6,"12":6,"13":6,"14":12,"15":9,"16":12,"17":12,"18":28,"19":20,"20":12,"21":6,"22":12,"23":6,"24":6,"25":7,"26":15,"27":7,"28":12,"29":6},"f":{"0":6,"1":2,"2":2,"3":12,"4":28,"5":20,"6":12,"7":15,"8":12},"b":{"0":[1,5],"1":[9,3],"2":[12,0],"3":[15,0]},"meta":{"lastBranch":4,"lastFunction":9,"lastStatement":30,"seen":{"s:8:28:8:38":0,"s:11:0:63:Infinity":1,"f:11:22:11:29":0,"s:12:17:12:38":2,"s:13:20:17:10":3,"b:19:2:20:Infinity:undefined:undefined:undefined:undefined":0,"s:19:2:20:Infinity":4,"s:20:4:20:Infinity":5,"f:20:30:20:38":1,"s:20:44:20:64":6,"s:23:26:27:33":7,"f:27:5:27:13":2,"s:27:19:27:33":8,"s:29:19:29:75":9,"f:29:31:29:36":3,"s:29:42:29:75":10,"s:30:8:30:39":11,"s:32:86:32:88":12,"s:33:2:41:Infinity":13,"b:34:4:35:Infinity:undefined:undefined:undefined:undefined":1,"s:34:4:35:Infinity":14,"s:35:6:35:Infinity":15,"s:37:4:37:Infinity":16,"s:38:24:40:51":17,"f:39:7:39:15":4,"s:39:21:39:47":18,"f:40:7:40:12":5,"s:40:18:40:51":19,"s:41:4:41:Infinity":20,"s:45:18:45:76":21,"f:45:42:45:47":6,"s:45:53:45:74":22,"b:45:53:45:65:45:65:45:74":2,"s:46:84:46:86":23,"s:47:2:52:Infinity":24,"s:48:27:48:82":25,"f:48:39:48:47":7,"s:48:47:48:82":26,"b:48:54:48:66:48:66:48:80":3,"s:49:4:52:Infinity":27,"f:50:41:50:46":8,"s:50:52:50:85":28,"s:55:2:62:Infinity":29}}}
,"/Users/ahd-clawd/Desktop/work/statuspulse/src/api/routes/upload.ts": {"path":"/Users/ahd-clawd/Desktop/work/statuspulse/src/api/routes/upload.ts","statementMap":{"0":{"start":{"line":4,"column":28},"end":{"line":4,"column":38}},"1":{"start":{"line":7,"column":0},"end":{"line":36,"column":null}},"2":{"start":{"line":8,"column":22},"end":{"line":8,"column":null}},"3":{"start":{"line":13,"column":2},"end":{"line":27,"column":null}},"4":{"start":{"line":14,"column":17},"end":{"line":14,"column":35}},"5":{"start":{"line":15,"column":4},"end":{"line":15,"column":null}},"6":{"start":{"line":16,"column":4},"end":{"line":16,"column":null}},"7":{"start":{"line":17,"column":13},"end":{"line":27,"column":null}},"8":{"start":{"line":18,"column":21},"end":{"line":18,"column":43}},"9":{"start":{"line":19,"column":17},"end":{"line":19,"column":38}},"10":{"start":{"line":20,"column":4},"end":{"line":21,"column":null}},"11":{"start":{"line":21,"column":6},"end":{"line":21,"column":null}},"12":{"start":{"line":23,"column":19},"end":{"line":23,"column":43}},"13":{"start":{"line":24,"column":4},"end":{"line":24,"column":null}},"14":{"start":{"line":25,"column":4},"end":{"line":25,"column":null}},"15":{"start":{"line":27,"column":4},"end":{"line":27,"column":null}},"16":{"start":{"line":30,"column":2},"end":{"line":34,"column":null}},"17":{"start":{"line":31,"column":19},"end":{"line":31,"column":71}},"18":{"start":{"line":32,"column":4},"end":{"line":32,"column":null}},"19":{"start":{"line":34,"column":4},"end":{"line":34,"column":null}}},"fnMap":{"0":{"name":"(anonymous_0)","decl":{"start":{"line":7,"column":29},"end":{"line":7,"column":36}},"loc":{"start":{"line":7,"column":42},"end":{"line":36,"column":null}},"line":7}},"branchMap":{"0":{"loc":{"start":{"line":8,"column":22},"end":{"line":8,"column":null}},"type":"binary-expr","locations":[{"start":{"line":8,"column":22},"end":{"line":8,"column":50}},{"start":{"line":8,"column":54},"end":{"line":8,"column":null}}],"line":8},"1":{"loc":{"start":{"line":13,"column":2},"end":{"line":27,"column":null}},"type":"if","locations":[{"start":{"line":13,"column":2},"end":{"line":27,"column":null}},{"start":{"line":17,"column":13},"end":{"line":27,"column":null}}],"line":13},"2":{"loc":{"start":{"line":16,"column":16},"end":{"line":16,"column":null}},"type":"binary-expr","locations":[{"start":{"line":16,"column":16},"end":{"line":16,"column":34}},{"start":{"line":16,"column":34},"end":{"line":16,"column":null}}],"line":16},"3":{"loc":{"start":{"line":17,"column":13},"end":{"line":27,"column":null}},"type":"if","locations":[{"start":{"line":17,"column":13},"end":{"line":27,"column":null}},{"start":{"line":26,"column":9},"end":{"line":27,"column":null}}],"line":17},"4":{"loc":{"start":{"line":20,"column":4},"end":{"line":21,"column":null}},"type":"if","locations":[{"start":{"line":20,"column":4},"end":{"line":21,"column":null}},{"start":{},"end":{}}],"line":20},"5":{"loc":{"start":{"line":25,"column":16},"end":{"line":25,"column":null}},"type":"binary-expr","locations":[{"start":{"line":25,"column":16},"end":{"line":25,"column":29}},{"start":{"line":25,"column":29},"end":{"line":25,"column":null}}],"line":25}},"s":{"0":6,"1":6,"2":0,"3":0,"4":0,"5":0,"6":0,"7":0,"8":0,"9":0,"10":0,"11":0,"12":0,"13":0,"14":0,"15":0,"16":0,"17":0,"18":0,"19":0},"f":{"0":0},"b":{"0":[0,0],"1":[0,0],"2":[0,0],"3":[0,0],"4":[0,0],"5":[0,0]},"meta":{"lastBranch":6,"lastFunction":1,"lastStatement":20,"seen":{"s:4:28:4:38":0,"s:7:0:36:Infinity":1,"f:7:29:7:36":0,"s:8:22:8:Infinity":2,"b:8:22:8:50:8:54:8:Infinity":0,"b:13:2:27:Infinity:17:13:27:Infinity":1,"s:13:2:27:Infinity":3,"s:14:17:14:35":4,"s:15:4:15:Infinity":5,"s:16:4:16:Infinity":6,"b:16:16:16:34:16:34:16:Infinity":2,"b:17:13:27:Infinity:26:9:27:Infinity":3,"s:17:13:27:Infinity":7,"s:18:21:18:43":8,"s:19:17:19:38":9,"b:20:4:21:Infinity:undefined:undefined:undefined:undefined":4,"s:20:4:21:Infinity":10,"s:21:6:21:Infinity":11,"s:23:19:23:43":12,"s:24:4:24:Infinity":13,"s:25:4:25:Infinity":14,"b:25:16:25:29:25:29:25:Infinity":5,"s:27:4:27:Infinity":15,"s:30:2:34:Infinity":16,"s:31:19:31:71":17,"s:32:4:32:Infinity":18,"s:34:4:34:Infinity":19}}}
,"/Users/ahd-clawd/Desktop/work/statuspulse/src/db/client.ts": {"path":"/Users/ahd-clawd/Desktop/work/statuspulse/src/db/client.ts","statementMap":{"0":{"start":{"line":9,"column":12},"end":{"line":9,"column":null}},"1":{"start":{"line":83,"column":2},"end":{"line":84,"column":null}},"2":{"start":{"line":84,"column":4},"end":{"line":84,"column":null}},"3":{"start":{"line":86,"column":17},"end":{"line":86,"column":35}},"4":{"start":{"line":87,"column":2},"end":{"line":87,"column":null}},"5":{"start":{"line":88,"column":2},"end":{"line":88,"column":null}},"6":{"start":{"line":89,"column":2},"end":{"line":89,"column":null}},"7":{"start":{"line":90,"column":2},"end":{"line":90,"column":null}},"8":{"start":{"line":94,"column":30},"end":{"line":94,"column":null}},"9":{"start":{"line":95,"column":19},"end":{"line":95,"column":null}},"10":{"start":{"line":98,"column":2},"end":{"line":98,"column":null}},"11":{"start":{"line":99,"column":2},"end":{"line":99,"column":null}},"12":{"start":{"line":100,"column":2},"end":{"line":100,"column":null}},"13":{"start":{"line":104,"column":2},"end":{"line":105,"column":null}},"14":{"start":{"line":105,"column":4},"end":{"line":105,"column":null}},"15":{"start":{"line":107,"column":2},"end":{"line":107,"column":null}},"16":{"start":{"line":114,"column":2},"end":{"line":114,"column":null}},"17":{"start":{"line":119,"column":31},"end":{"line":123,"column":2}},"18":{"start":{"line":121,"column":4},"end":{"line":121,"column":null}}},"fnMap":{"0":{"name":"createDatabase","decl":{"start":{"line":82,"column":16},"end":{"line":82,"column":31}},"loc":{"start":{"line":82,"column":58},"end":{"line":90,"column":null}},"line":82},"1":{"name":"initDb","decl":{"start":{"line":97,"column":16},"end":{"line":97,"column":23}},"loc":{"start":{"line":97,"column":50},"end":{"line":100,"column":null}},"line":97},"2":{"name":"getDb","decl":{"start":{"line":103,"column":16},"end":{"line":103,"column":37}},"loc":{"start":{"line":103,"column":37},"end":{"line":107,"column":null}},"line":103},"3":{"name":"setDb","decl":{"start":{"line":113,"column":16},"end":{"line":113,"column":22}},"loc":{"start":{"line":113,"column":51},"end":{"line":114,"column":null}},"line":113},"4":{"name":"(anonymous_4)","decl":{"start":{"line":120,"column":2},"end":{"line":120,"column":6}},"loc":{"start":{"line":120,"column":21},"end":{"line":123,"column":2}},"line":120}},"branchMap":{"0":{"loc":{"start":{"line":83,"column":2},"end":{"line":84,"column":null}},"type":"if","locations":[{"start":{"line":83,"column":2},"end":{"line":84,"column":null}},{"start":{},"end":{}}],"line":83},"1":{"loc":{"start":{"line":104,"column":2},"end":{"line":105,"column":null}},"type":"if","locations":[{"start":{"line":104,"column":2},"end":{"line":105,"column":null}},{"start":{},"end":{}}],"line":104}},"s":{"0":7,"1":39,"2":0,"3":39,"4":39,"5":39,"6":39,"7":39,"8":7,"9":7,"10":0,"11":0,"12":0,"13":114,"14":0,"15":114,"16":39,"17":7,"18":114},"f":{"0":39,"1":0,"2":114,"3":39,"4":114},"b":{"0":[0,39],"1":[0,114]},"meta":{"lastBranch":2,"lastFunction":5,"lastStatement":19,"seen":{"s:9:12:9:Infinity":0,"f:82:16:82:31":0,"b:83:2:84:Infinity:undefined:undefined:undefined:undefined":0,"s:83:2:84:Infinity":1,"s:84:4:84:Infinity":2,"s:86:17:86:35":3,"s:87:2:87:Infinity":4,"s:88:2:88:Infinity":5,"s:89:2:89:Infinity":6,"s:90:2:90:Infinity":7,"s:94:30:94:Infinity":8,"s:95:19:95:Infinity":9,"f:97:16:97:23":1,"s:98:2:98:Infinity":10,"s:99:2:99:Infinity":11,"s:100:2:100:Infinity":12,"f:103:16:103:37":2,"b:104:2:105:Infinity:undefined:undefined:undefined:undefined":1,"s:104:2:105:Infinity":13,"s:105:4:105:Infinity":14,"s:107:2:107:Infinity":15,"f:113:16:113:22":3,"s:114:2:114:Infinity":16,"s:119:31:123:2":17,"f:120:2:120:6":4,"s:121:4:121:Infinity":18}}}
,"/Users/ahd-clawd/Desktop/work/statuspulse/src/db/schema.ts": {"path":"/Users/ahd-clawd/Desktop/work/statuspulse/src/db/schema.ts","statementMap":{"0":{"start":{"line":4,"column":13},"end":{"line":19,"column":2}},"1":{"start":{"line":21,"column":13},"end":{"line":33,"column":2}},"2":{"start":{"line":25,"column":22},"end":{"line":25,"column":34}},"3":{"start":{"line":35,"column":13},"end":{"line":53,"column":2}},"4":{"start":{"line":39,"column":22},"end":{"line":39,"column":34}},"5":{"start":{"line":55,"column":13},"end":{"line":65,"column":2}},"6":{"start":{"line":59,"column":22},"end":{"line":59,"column":35}},"7":{"start":{"line":67,"column":13},"end":{"line":79,"column":2}},"8":{"start":{"line":82,"column":13},"end":{"line":91,"column":2}}},"fnMap":{"0":{"name":"(anonymous_0)","decl":{"start":{"line":25,"column":5},"end":{"line":25,"column":22}},"loc":{"start":{"line":25,"column":22},"end":{"line":25,"column":34}},"line":25},"1":{"name":"(anonymous_1)","decl":{"start":{"line":39,"column":5},"end":{"line":39,"column":22}},"loc":{"start":{"line":39,"column":22},"end":{"line":39,"column":34}},"line":39},"2":{"name":"(anonymous_2)","decl":{"start":{"line":59,"column":5},"end":{"line":59,"column":22}},"loc":{"start":{"line":59,"column":22},"end":{"line":59,"column":35}},"line":59}},"branchMap":{},"s":{"0":7,"1":7,"2":0,"3":7,"4":0,"5":7,"6":0,"7":7,"8":7},"f":{"0":0,"1":0,"2":0},"b":{},"meta":{"lastBranch":0,"lastFunction":3,"lastStatement":9,"seen":{"s:4:13:19:2":0,"s:21:13:33:2":1,"f:25:5:25:22":0,"s:25:22:25:34":2,"s:35:13:53:2":3,"f:39:5:39:22":1,"s:39:22:39:34":4,"s:55:13:65:2":5,"f:59:5:59:22":2,"s:59:22:59:35":6,"s:67:13:79:2":7,"s:82:13:91:2":8}}}
,"/Users/ahd-clawd/Desktop/work/statuspulse/src/ingestion/plugin-runner.ts": {"path":"/Users/ahd-clawd/Desktop/work/statuspulse/src/ingestion/plugin-runner.ts","statementMap":{"0":{"start":{"line":23,"column":15},"end":{"line":31,"column":4}},"1":{"start":{"line":33,"column":2},"end":{"line":39,"column":null}},"2":{"start":{"line":34,"column":4},"end":{"line":39,"column":null}},"3":{"start":{"line":42,"column":15},"end":{"line":42,"column":32}},"4":{"start":{"line":45,"column":18},"end":{"line":45,"column":null}},"5":{"start":{"line":46,"column":2},"end":{"line":55,"column":null}},"6":{"start":{"line":47,"column":4},"end":{"line":47,"column":null}},"7":{"start":{"line":50,"column":4},"end":{"line":55,"column":null}},"8":{"start":{"line":58,"column":20},"end":{"line":58,"column":81}},"9":{"start":{"line":62,"column":2},"end":{"line":65,"column":null}},"10":{"start":{"line":63,"column":4},"end":{"line":63,"column":null}},"11":{"start":{"line":65,"column":4},"end":{"line":65,"column":null}},"12":{"start":{"line":68,"column":2},"end":{"line":73,"column":null}},"13":{"start":{"line":77,"column":2},"end":{"line":77,"column":null}},"14":{"start":{"line":77,"column":42},"end":{"line":77,"column":50}}},"fnMap":{"0":{"name":"runPlugin","decl":{"start":{"line":18,"column":22},"end":{"line":18,"column":null}},"loc":{"start":{"line":22,"column":26},"end":{"line":73,"column":null}},"line":22},"1":{"name":"getNestedValue","decl":{"start":{"line":76,"column":9},"end":{"line":76,"column":24}},"loc":{"start":{"line":76,"column":53},"end":{"line":77,"column":null}},"line":76},"2":{"name":"(anonymous_2)","decl":{"start":{"line":77,"column":25},"end":{"line":77,"column":33}},"loc":{"start":{"line":77,"column":42},"end":{"line":77,"column":50}},"line":77}},"branchMap":{"0":{"loc":{"start":{"line":24,"column":12},"end":{"line":24,"column":null}},"type":"binary-expr","locations":[{"start":{"line":24,"column":12},"end":{"line":24,"column":29}},{"start":{"line":24,"column":29},"end":{"line":24,"column":null}}],"line":24},"1":{"loc":{"start":{"line":33,"column":2},"end":{"line":39,"column":null}},"type":"if","locations":[{"start":{"line":33,"column":2},"end":{"line":39,"column":null}},{"start":{},"end":{}}],"line":33},"2":{"loc":{"start":{"line":46,"column":2},"end":{"line":55,"column":null}},"type":"if","locations":[{"start":{"line":46,"column":2},"end":{"line":55,"column":null}},{"start":{"line":48,"column":9},"end":{"line":55,"column":null}}],"line":46},"3":{"loc":{"start":{"line":47,"column":16},"end":{"line":47,"column":null}},"type":"binary-expr","locations":[{"start":{"line":47,"column":16},"end":{"line":47,"column":55}},{"start":{"line":47,"column":59},"end":{"line":47,"column":null}}],"line":47},"4":{"loc":{"start":{"line":51,"column":6},"end":{"line":55,"column":null}},"type":"binary-expr","locations":[{"start":{"line":51,"column":6},"end":{"line":51,"column":null}},{"start":{"line":52,"column":6},"end":{"line":52,"column":null}},{"start":{"line":53,"column":6},"end":{"line":53,"column":null}},{"start":{"line":54,"column":6},"end":{"line":54,"column":null}},{"start":{"line":55,"column":6},"end":{"line":55,"column":null}}],"line":51},"5":{"loc":{"start":{"line":58,"column":20},"end":{"line":58,"column":81}},"type":"cond-expr","locations":[{"start":{"line":58,"column":52},"end":{"line":58,"column":64}},{"start":{"line":58,"column":64},"end":{"line":58,"column":81}}],"line":58},"6":{"loc":{"start":{"line":62,"column":2},"end":{"line":65,"column":null}},"type":"if","locations":[{"start":{"line":62,"column":2},"end":{"line":65,"column":null}},{"start":{"line":64,"column":9},"end":{"line":65,"column":null}}],"line":62},"7":{"loc":{"start":{"line":62,"column":6},"end":{"line":62,"column":63}},"type":"binary-expr","locations":[{"start":{"line":62,"column":6},"end":{"line":62,"column":30}},{"start":{"line":62,"column":30},"end":{"line":62,"column":63}}],"line":62}},"s":{"0":5,"1":5,"2":1,"3":4,"4":4,"5":4,"6":2,"7":2,"8":4,"9":5,"10":1,"11":3,"12":4,"13":2,"14":4},"f":{"0":5,"1":2,"2":4},"b":{"0":[5,5],"1":[1,4],"2":[2,2],"3":[2,0],"4":[2,2,0,0,0],"5":[4,0],"6":[1,3],"7":[5,1]},"meta":{"lastBranch":8,"lastFunction":3,"lastStatement":15,"seen":{"f:18:22:18:Infinity":0,"s:23:15:31:4":0,"b:24:12:24:29:24:29:24:Infinity":0,"b:33:2:39:Infinity:undefined:undefined:undefined:undefined":1,"s:33:2:39:Infinity":1,"s:34:4:39:Infinity":2,"s:42:15:42:32":3,"s:45:18:45:Infinity":4,"b:46:2:55:Infinity:48:9:55:Infinity":2,"s:46:2:55:Infinity":5,"s:47:4:47:Infinity":6,"b:47:16:47:55:47:59:47:Infinity":3,"s:50:4:55:Infinity":7,"b:51:6:51:Infinity:52:6:52:Infinity:53:6:53:Infinity:54:6:54:Infinity:55:6:55:Infinity":4,"s:58:20:58:81":8,"b:58:52:58:64:58:64:58:81":5,"b:62:2:65:Infinity:64:9:65:Infinity":6,"s:62:2:65:Infinity":9,"b:62:6:62:30:62:30:62:63":7,"s:63:4:63:Infinity":10,"s:65:4:65:Infinity":11,"s:68:2:73:Infinity":12,"f:76:9:76:24":1,"s:77:2:77:Infinity":13,"f:77:25:77:33":2,"s:77:42:77:50":14}}}
,"/Users/ahd-clawd/Desktop/work/statuspulse/src/ingestion/rss.ts": {"path":"/Users/ahd-clawd/Desktop/work/statuspulse/src/ingestion/rss.ts","statementMap":{"0":{"start":{"line":10,"column":15},"end":{"line":13,"column":2}},"1":{"start":{"line":22,"column":15},"end":{"line":25,"column":4}},"2":{"start":{"line":27,"column":2},"end":{"line":28,"column":null}},"3":{"start":{"line":28,"column":4},"end":{"line":28,"column":null}},"4":{"start":{"line":31,"column":14},"end":{"line":31,"column":31}},"5":{"start":{"line":32,"column":17},"end":{"line":32,"column":34}},"6":{"start":{"line":35,"column":16},"end":{"line":35,"column":36}},"7":{"start":{"line":37,"column":32},"end":{"line":65,"column":null}},"8":{"start":{"line":38,"column":18},"end":{"line":38,"column":null}},"9":{"start":{"line":39,"column":24},"end":{"line":39,"column":null}},"10":{"start":{"line":40,"column":17},"end":{"line":40,"column":null}},"11":{"start":{"line":42,"column":6},"end":{"line":42,"column":80}},"12":{"start":{"line":44,"column":4},"end":{"line":64,"column":null}},"13":{"start":{"line":68,"column":26},"end":{"line":71,"column":null}},"14":{"start":{"line":69,"column":16},"end":{"line":69,"column":62}},"15":{"start":{"line":70,"column":4},"end":{"line":70,"column":null}},"16":{"start":{"line":73,"column":44},"end":{"line":73,"column":null}},"17":{"start":{"line":74,"column":2},"end":{"line":79,"column":null}},"18":{"start":{"line":74,"column":34},"end":{"line":74,"column":56}},"19":{"start":{"line":75,"column":4},"end":{"line":75,"column":null}},"20":{"start":{"line":76,"column":11},"end":{"line":79,"column":null}},"21":{"start":{"line":76,"column":39},"end":{"line":76,"column":63}},"22":{"start":{"line":77,"column":4},"end":{"line":77,"column":null}},"23":{"start":{"line":78,"column":11},"end":{"line":79,"column":null}},"24":{"start":{"line":78,"column":39},"end":{"line":78,"column":66}},"25":{"start":{"line":79,"column":4},"end":{"line":79,"column":null}},"26":{"start":{"line":81,"column":32},"end":{"line":89,"column":null}},"27":{"start":{"line":91,"column":2},"end":{"line":91,"column":null}},"28":{"start":{"line":96,"column":2},"end":{"line":98,"column":null}},"29":{"start":{"line":97,"column":18},"end":{"line":97,"column":null}},"30":{"start":{"line":98,"column":4},"end":{"line":98,"column":null}},"31":{"start":{"line":101,"column":2},"end":{"line":103,"column":null}},"32":{"start":{"line":102,"column":20},"end":{"line":102,"column":null}},"33":{"start":{"line":103,"column":4},"end":{"line":103,"column":null}},"34":{"start":{"line":105,"column":2},"end":{"line":105,"column":null}}},"fnMap":{"0":{"name":"fetchRssFeed","decl":{"start":{"line":15,"column":22},"end":{"line":15,"column":null}},"loc":{"start":{"line":21,"column":3},"end":{"line":91,"column":null}},"line":21},"1":{"name":"(anonymous_1)","decl":{"start":{"line":37,"column":51},"end":{"line":37,"column":56}},"loc":{"start":{"line":37,"column":68},"end":{"line":65,"column":null}},"line":37},"2":{"name":"(anonymous_2)","decl":{"start":{"line":68,"column":36},"end":{"line":68,"column":44}},"loc":{"start":{"line":68,"column":52},"end":{"line":71,"column":null}},"line":68},"3":{"name":"(anonymous_3)","decl":{"start":{"line":74,"column":22},"end":{"line":74,"column":28}},"loc":{"start":{"line":74,"column":34},"end":{"line":74,"column":56}},"line":74},"4":{"name":"(anonymous_4)","decl":{"start":{"line":76,"column":27},"end":{"line":76,"column":33}},"loc":{"start":{"line":76,"column":39},"end":{"line":76,"column":63}},"line":76},"5":{"name":"(anonymous_5)","decl":{"start":{"line":78,"column":27},"end":{"line":78,"column":33}},"loc":{"start":{"line":78,"column":39},"end":{"line":78,"column":66}},"line":78},"6":{"name":"extractItems","decl":{"start":{"line":94,"column":9},"end":{"line":94,"column":22}},"loc":{"start":{"line":94,"column":42},"end":{"line":105,"column":null}},"line":94}},"branchMap":{"0":{"loc":{"start":{"line":27,"column":2},"end":{"line":28,"column":null}},"type":"if","locations":[{"start":{"line":27,"column":2},"end":{"line":28,"column":null}},{"start":{},"end":{}}],"line":27},"1":{"loc":{"start":{"line":38,"column":18},"end":{"line":38,"column":null}},"type":"binary-expr","locations":[{"start":{"line":38,"column":18},"end":{"line":38,"column":32}},{"start":{"line":38,"column":32},"end":{"line":38,"column":null}}],"line":38},"2":{"loc":{"start":{"line":39,"column":24},"end":{"line":39,"column":null}},"type":"binary-expr","locations":[{"start":{"line":39,"column":24},"end":{"line":39,"column":44}},{"start":{"line":39,"column":44},"end":{"line":39,"column":60}},{"start":{"line":39,"column":60},"end":{"line":39,"column":76}},{"start":{"line":39,"column":76},"end":{"line":39,"column":null}}],"line":39},"3":{"loc":{"start":{"line":40,"column":17},"end":{"line":40,"column":null}},"type":"binary-expr","locations":[{"start":{"line":40,"column":17},"end":{"line":40,"column":42}},{"start":{"line":40,"column":42},"end":{"line":40,"column":55}},{"start":{"line":40,"column":55},"end":{"line":40,"column":null}}],"line":40},"4":{"loc":{"start":{"line":42,"column":6},"end":{"line":42,"column":80}},"type":"binary-expr","locations":[{"start":{"line":42,"column":6},"end":{"line":42,"column":22}},{"start":{"line":42,"column":22},"end":{"line":42,"column":40}},{"start":{"line":42,"column":40},"end":{"line":42,"column":56}},{"start":{"line":42,"column":56},"end":{"line":42,"column":80}}],"line":42},"5":{"loc":{"start":{"line":47,"column":18},"end":{"line":47,"column":null}},"type":"binary-expr","locations":[{"start":{"line":47,"column":18},"end":{"line":47,"column":31}},{"start":{"line":47,"column":31},"end":{"line":47,"column":42}},{"start":{"line":47,"column":42},"end":{"line":47,"column":null}}],"line":47},"6":{"loc":{"start":{"line":48,"column":13},"end":{"line":48,"column":62}},"type":"cond-expr","locations":[{"start":{"line":48,"column":41},"end":{"line":48,"column":49}},{"start":{"line":48,"column":49},"end":{"line":48,"column":62}}],"line":48},"7":{"loc":{"start":{"line":51,"column":17},"end":{"line":51,"column":null}},"type":"cond-expr","locations":[{"start":{"line":51,"column":44},"end":{"line":51,"column":51}},{"start":{"line":51,"column":51},"end":{"line":51,"column":null}}],"line":51},"8":{"loc":{"start":{"line":60,"column":16},"end":{"line":60,"column":null}},"type":"cond-expr","locations":[{"start":{"line":60,"column":50},"end":{"line":60,"column":75}},{"start":{"line":60,"column":78},"end":{"line":60,"column":null}}],"line":60},"9":{"loc":{"start":{"line":74,"column":2},"end":{"line":79,"column":null}},"type":"if","locations":[{"start":{"line":74,"column":2},"end":{"line":79,"column":null}},{"start":{"line":76,"column":11},"end":{"line":79,"column":null}}],"line":74},"10":{"loc":{"start":{"line":76,"column":11},"end":{"line":79,"column":null}},"type":"if","locations":[{"start":{"line":76,"column":11},"end":{"line":79,"column":null}},{"start":{"line":78,"column":11},"end":{"line":79,"column":null}}],"line":76},"11":{"loc":{"start":{"line":78,"column":11},"end":{"line":79,"column":null}},"type":"if","locations":[{"start":{"line":78,"column":11},"end":{"line":79,"column":null}},{"start":{},"end":{}}],"line":78},"12":{"loc":{"start":{"line":85,"column":6},"end":{"line":87,"column":null}},"type":"cond-expr","locations":[{"start":{"line":86,"column":10},"end":{"line":86,"column":null}},{"start":{"line":87,"column":10},"end":{"line":87,"column":null}}],"line":85},"13":{"loc":{"start":{"line":96,"column":2},"end":{"line":98,"column":null}},"type":"if","locations":[{"start":{"line":96,"column":2},"end":{"line":98,"column":null}},{"start":{},"end":{}}],"line":96},"14":{"loc":{"start":{"line":98,"column":11},"end":{"line":98,"column":49}},"type":"cond-expr","locations":[{"start":{"line":98,"column":34},"end":{"line":98,"column":42}},{"start":{"line":98,"column":42},"end":{"line":98,"column":49}}],"line":98},"15":{"loc":{"start":{"line":101,"column":2},"end":{"line":103,"column":null}},"type":"if","locations":[{"start":{"line":101,"column":2},"end":{"line":103,"column":null}},{"start":{},"end":{}}],"line":101},"16":{"loc":{"start":{"line":103,"column":11},"end":{"line":103,"column":55}},"type":"cond-expr","locations":[{"start":{"line":103,"column":36},"end":{"line":103,"column":46}},{"start":{"line":103,"column":46},"end":{"line":103,"column":55}}],"line":103}},"s":{"0":1,"1":6,"2":6,"3":0,"4":6,"5":6,"6":6,"7":6,"8":11,"9":11,"10":11,"11":11,"12":11,"13":6,"14":11,"15":11,"16":6,"17":6,"18":10,"19":1,"20":5,"21":9,"22":0,"23":5,"24":9,"25":1,"26":6,"27":6,"28":6,"29":5,"30":5,"31":1,"32":1,"33":1,"34":0},"f":{"0":6,"1":11,"2":11,"3":10,"4":9,"5":9,"6":6},"b":{"0":[0,6],"1":[11,0],"2":[11,1,0,0],"3":[11,10,10],"4":[11,1,0,0],"5":[11,1,0],"6":[11,0],"7":[11,0],"8":[11,0],"9":[1,5],"10":[0,5],"11":[1,4],"12":[4,2],"13":[5,1],"14":[5,0],"15":[1,0],"16":[0,1]},"meta":{"lastBranch":17,"lastFunction":7,"lastStatement":35,"seen":{"s:10:15:13:2":0,"f:15:22:15:Infinity":0,"s:22:15:25:4":1,"b:27:2:28:Infinity:undefined:undefined:undefined:undefined":0,"s:27:2:28:Infinity":2,"s:28:4:28:Infinity":3,"s:31:14:31:31":4,"s:32:17:32:34":5,"s:35:16:35:36":6,"s:37:32:65:Infinity":7,"f:37:51:37:56":1,"s:38:18:38:Infinity":8,"b:38:18:38:32:38:32:38:Infinity":1,"s:39:24:39:Infinity":9,"b:39:24:39:44:39:44:39:60:39:60:39:76:39:76:39:Infinity":2,"s:40:17:40:Infinity":10,"b:40:17:40:42:40:42:40:55:40:55:40:Infinity":3,"s:42:6:42:80":11,"b:42:6:42:22:42:22:42:40:42:40:42:56:42:56:42:80":4,"s:44:4:64:Infinity":12,"b:47:18:47:31:47:31:47:42:47:42:47:Infinity":5,"b:48:41:48:49:48:49:48:62":6,"b:51:44:51:51:51:51:51:Infinity":7,"b:60:50:60:75:60:78:60:Infinity":8,"s:68:26:71:Infinity":13,"f:68:36:68:44":2,"s:69:16:69:62":14,"s:70:4:70:Infinity":15,"s:73:44:73:Infinity":16,"b:74:2:79:Infinity:76:11:79:Infinity":9,"s:74:2:79:Infinity":17,"f:74:22:74:28":3,"s:74:34:74:56":18,"s:75:4:75:Infinity":19,"b:76:11:79:Infinity:78:11:79:Infinity":10,"s:76:11:79:Infinity":20,"f:76:27:76:33":4,"s:76:39:76:63":21,"s:77:4:77:Infinity":22,"b:78:11:79:Infinity:undefined:undefined:undefined:undefined":11,"s:78:11:79:Infinity":23,"f:78:27:78:33":5,"s:78:39:78:66":24,"s:79:4:79:Infinity":25,"s:81:32:89:Infinity":26,"b:86:10:86:Infinity:87:10:87:Infinity":12,"s:91:2:91:Infinity":27,"f:94:9:94:22":6,"b:96:2:98:Infinity:undefined:undefined:undefined:undefined":13,"s:96:2:98:Infinity":28,"s:97:18:97:Infinity":29,"s:98:4:98:Infinity":30,"b:98:34:98:42:98:42:98:49":14,"b:101:2:103:Infinity:undefined:undefined:undefined:undefined":15,"s:101:2:103:Infinity":31,"s:102:20:102:Infinity":32,"s:103:4:103:Infinity":33,"b:103:36:103:46:103:46:103:55":16,"s:105:2:105:Infinity":34}}}
,"/Users/ahd-clawd/Desktop/work/statuspulse/src/ingestion/scraper.ts": {"path":"/Users/ahd-clawd/Desktop/work/statuspulse/src/ingestion/scraper.ts","statementMap":{"0":{"start":{"line":11,"column":15},"end":{"line":17,"column":4}},"1":{"start":{"line":19,"column":2},"end":{"line":20,"column":null}},"2":{"start":{"line":20,"column":4},"end":{"line":20,"column":null}},"3":{"start":{"line":23,"column":15},"end":{"line":23,"column":32}},"4":{"start":{"line":24,"column":12},"end":{"line":24,"column":30}},"5":{"start":{"line":27,"column":19},"end":{"line":27,"column":null}},"6":{"start":{"line":29,"column":2},"end":{"line":50,"column":null}},"7":{"start":{"line":30,"column":4},"end":{"line":30,"column":null}},"8":{"start":{"line":33,"column":22},"end":{"line":39,"column":null}},"9":{"start":{"line":41,"column":4},"end":{"line":45,"column":null}},"10":{"start":{"line":42,"column":17},"end":{"line":42,"column":31}},"11":{"start":{"line":43,"column":6},"end":{"line":45,"column":null}},"12":{"start":{"line":44,"column":8},"end":{"line":44,"column":null}},"13":{"start":{"line":45,"column":8},"end":{"line":45,"column":null}},"14":{"start":{"line":49,"column":4},"end":{"line":50,"column":null}},"15":{"start":{"line":50,"column":6},"end":{"line":50,"column":null}},"16":{"start":{"line":54,"column":2},"end":{"line":59,"column":null}}},"fnMap":{"0":{"name":"scrapeStatusPage","decl":{"start":{"line":6,"column":22},"end":{"line":6,"column":null}},"loc":{"start":{"line":10,"column":26},"end":{"line":59,"column":null}},"line":10}},"branchMap":{"0":{"loc":{"start":{"line":19,"column":2},"end":{"line":20,"column":null}},"type":"if","locations":[{"start":{"line":19,"column":2},"end":{"line":20,"column":null}},{"start":{},"end":{}}],"line":19},"1":{"loc":{"start":{"line":29,"column":2},"end":{"line":50,"column":null}},"type":"if","locations":[{"start":{"line":29,"column":2},"end":{"line":50,"column":null}},{"start":{"line":31,"column":9},"end":{"line":50,"column":null}}],"line":29},"2":{"loc":{"start":{"line":43,"column":6},"end":{"line":45,"column":null}},"type":"if","locations":[{"start":{"line":43,"column":6},"end":{"line":45,"column":null}},{"start":{},"end":{}}],"line":43},"3":{"loc":{"start":{"line":49,"column":4},"end":{"line":50,"column":null}},"type":"if","locations":[{"start":{"line":49,"column":4},"end":{"line":50,"column":null}},{"start":{},"end":{}}],"line":49}},"s":{"0":3,"1":3,"2":0,"3":3,"4":3,"5":3,"6":3,"7":2,"8":1,"9":1,"10":1,"11":1,"12":1,"13":1,"14":1,"15":0,"16":3},"f":{"0":3},"b":{"0":[0,3],"1":[2,1],"2":[1,0],"3":[0,1]},"meta":{"lastBranch":4,"lastFunction":1,"lastStatement":17,"seen":{"f:6:22:6:Infinity":0,"s:11:15:17:4":0,"b:19:2:20:Infinity:undefined:undefined:undefined:undefined":0,"s:19:2:20:Infinity":1,"s:20:4:20:Infinity":2,"s:23:15:23:32":3,"s:24:12:24:30":4,"s:27:19:27:Infinity":5,"b:29:2:50:Infinity:31:9:50:Infinity":1,"s:29:2:50:Infinity":6,"s:30:4:30:Infinity":7,"s:33:22:39:Infinity":8,"s:41:4:45:Infinity":9,"s:42:17:42:31":10,"b:43:6:45:Infinity:undefined:undefined:undefined:undefined":2,"s:43:6:45:Infinity":11,"s:44:8:44:Infinity":12,"s:45:8:45:Infinity":13,"b:49:4:50:Infinity:undefined:undefined:undefined:undefined":3,"s:49:4:50:Infinity":14,"s:50:6:50:Infinity":15,"s:54:2:59:Infinity":16}}}
,"/Users/ahd-clawd/Desktop/work/statuspulse/src/ingestion/statuspage-api.ts": {"path":"/Users/ahd-clawd/Desktop/work/statuspulse/src/ingestion/statuspage-api.ts","statementMap":{"0":{"start":{"line":48,"column":15},"end":{"line":51,"column":4}},"1":{"start":{"line":53,"column":2},"end":{"line":54,"column":null}},"2":{"start":{"line":54,"column":4},"end":{"line":54,"column":null}},"3":{"start":{"line":57,"column":35},"end":{"line":57,"column":52}},"4":{"start":{"line":59,"column":8},"end":{"line":65,"column":7}},"5":{"start":{"line":60,"column":19},"end":{"line":60,"column":31}},"6":{"start":{"line":61,"column":17},"end":{"line":65,"column":7}},"7":{"start":{"line":68,"column":8},"end":{"line":84,"column":7}},"8":{"start":{"line":70,"column":19},"end":{"line":70,"column":39}},"9":{"start":{"line":71,"column":6},"end":{"line":77,"column":null}},"10":{"start":{"line":80,"column":17},"end":{"line":84,"column":7}},"11":{"start":{"line":86,"column":39},"end":{"line":92,"column":null}},"12":{"start":{"line":94,"column":8},"end":{"line":112,"column":5}},"13":{"start":{"line":94,"column":69},"end":{"line":112,"column":5}},"14":{"start":{"line":105,"column":46},"end":{"line":111,"column":null}},"15":{"start":{"line":114,"column":2},"end":{"line":114,"column":null}},"16":{"start":{"line":118,"column":16},"end":{"line":118,"column":34}},"17":{"start":{"line":119,"column":2},"end":{"line":119,"column":null}},"18":{"start":{"line":119,"column":62},"end":{"line":119,"column":null}},"19":{"start":{"line":120,"column":2},"end":{"line":120,"column":null}},"20":{"start":{"line":120,"column":62},"end":{"line":120,"column":null}},"21":{"start":{"line":121,"column":2},"end":{"line":122,"column":null}},"22":{"start":{"line":122,"column":4},"end":{"line":122,"column":null}},"23":{"start":{"line":123,"column":2},"end":{"line":124,"column":null}},"24":{"start":{"line":124,"column":4},"end":{"line":124,"column":null}},"25":{"start":{"line":125,"column":2},"end":{"line":125,"column":null}}},"fnMap":{"0":{"name":"fetchStatuspageSummary","decl":{"start":{"line":41,"column":22},"end":{"line":41,"column":null}},"loc":{"start":{"line":47,"column":3},"end":{"line":114,"column":null}},"line":47},"1":{"name":"(anonymous_1)","decl":{"start":{"line":60,"column":5},"end":{"line":60,"column":13}},"loc":{"start":{"line":60,"column":19},"end":{"line":60,"column":31}},"line":60},"2":{"name":"(anonymous_2)","decl":{"start":{"line":61,"column":5},"end":{"line":61,"column":10}},"loc":{"start":{"line":61,"column":17},"end":{"line":65,"column":7}},"line":61},"3":{"name":"(anonymous_3)","decl":{"start":{"line":69,"column":5},"end":{"line":69,"column":13}},"loc":{"start":{"line":69,"column":19},"end":{"line":79,"column":null}},"line":69},"4":{"name":"(anonymous_4)","decl":{"start":{"line":80,"column":5},"end":{"line":80,"column":10}},"loc":{"start":{"line":80,"column":17},"end":{"line":84,"column":7}},"line":80},"5":{"name":"(anonymous_5)","decl":{"start":{"line":94,"column":55},"end":{"line":94,"column":60}},"loc":{"start":{"line":94,"column":69},"end":{"line":112,"column":5}},"line":94},"6":{"name":"(anonymous_6)","decl":{"start":{"line":105,"column":34},"end":{"line":105,"column":39}},"loc":{"start":{"line":105,"column":46},"end":{"line":111,"column":null}},"line":105},"7":{"name":"extractRegion","decl":{"start":{"line":117,"column":9},"end":{"line":117,"column":23}},"loc":{"start":{"line":117,"column":45},"end":{"line":125,"column":null}},"line":117}},"branchMap":{"0":{"loc":{"start":{"line":53,"column":2},"end":{"line":54,"column":null}},"type":"if","locations":[{"start":{"line":53,"column":2},"end":{"line":54,"column":null}},{"start":{},"end":{}}],"line":53},"1":{"loc":{"start":{"line":59,"column":41},"end":{"line":59,"column":62}},"type":"binary-expr","locations":[{"start":{"line":59,"column":41},"end":{"line":59,"column":60}},{"start":{"line":59,"column":60},"end":{"line":59,"column":62}}],"line":59},"2":{"loc":{"start":{"line":64,"column":19},"end":{"line":64,"column":null}},"type":"binary-expr","locations":[{"start":{"line":64,"column":19},"end":{"line":64,"column":36}},{"start":{"line":64,"column":36},"end":{"line":64,"column":null}}],"line":64},"3":{"loc":{"start":{"line":68,"column":28},"end":{"line":68,"column":49}},"type":"binary-expr","locations":[{"start":{"line":68,"column":28},"end":{"line":68,"column":47}},{"start":{"line":68,"column":47},"end":{"line":68,"column":49}}],"line":68},"4":{"loc":{"start":{"line":72,"column":8},"end":{"line":77,"column":29}},"type":"binary-expr","locations":[{"start":{"line":72,"column":8},"end":{"line":72,"column":28}},{"start":{"line":73,"column":8},"end":{"line":73,"column":28}},{"start":{"line":74,"column":8},"end":{"line":74,"column":28}},{"start":{"line":75,"column":8},"end":{"line":75,"column":29}},{"start":{"line":76,"column":8},"end":{"line":76,"column":29}},{"start":{"line":77,"column":8},"end":{"line":77,"column":29}}],"line":72},"5":{"loc":{"start":{"line":94,"column":33},"end":{"line":94,"column":53}},"type":"binary-expr","locations":[{"start":{"line":94,"column":33},"end":{"line":94,"column":51}},{"start":{"line":94,"column":51},"end":{"line":94,"column":53}}],"line":94},"6":{"loc":{"start":{"line":104,"column":16},"end":{"line":104,"column":null}},"type":"binary-expr","locations":[{"start":{"line":104,"column":16},"end":{"line":104,"column":35}},{"start":{"line":104,"column":35},"end":{"line":104,"column":null}}],"line":104},"7":{"loc":{"start":{"line":119,"column":2},"end":{"line":119,"column":null}},"type":"if","locations":[{"start":{"line":119,"column":2},"end":{"line":119,"column":null}},{"start":{},"end":{}}],"line":119},"8":{"loc":{"start":{"line":119,"column":6},"end":{"line":119,"column":60}},"type":"binary-expr","locations":[{"start":{"line":119,"column":6},"end":{"line":119,"column":31}},{"start":{"line":119,"column":35},"end":{"line":119,"column":60}}],"line":119},"9":{"loc":{"start":{"line":120,"column":2},"end":{"line":120,"column":null}},"type":"if","locations":[{"start":{"line":120,"column":2},"end":{"line":120,"column":null}},{"start":{},"end":{}}],"line":120},"10":{"loc":{"start":{"line":120,"column":6},"end":{"line":120,"column":60}},"type":"binary-expr","locations":[{"start":{"line":120,"column":6},"end":{"line":120,"column":31}},{"start":{"line":120,"column":35},"end":{"line":120,"column":60}}],"line":120},"11":{"loc":{"start":{"line":121,"column":2},"end":{"line":122,"column":null}},"type":"if","locations":[{"start":{"line":121,"column":2},"end":{"line":122,"column":null}},{"start":{},"end":{}}],"line":121},"12":{"loc":{"start":{"line":121,"column":6},"end":{"line":121,"column":88}},"type":"binary-expr","locations":[{"start":{"line":121,"column":6},"end":{"line":121,"column":31}},{"start":{"line":121,"column":35},"end":{"line":121,"column":60}},{"start":{"line":121,"column":64},"end":{"line":121,"column":88}}],"line":121},"13":{"loc":{"start":{"line":123,"column":2},"end":{"line":124,"column":null}},"type":"if","locations":[{"start":{"line":123,"column":2},"end":{"line":124,"column":null}},{"start":{},"end":{}}],"line":123},"14":{"loc":{"start":{"line":123,"column":6},"end":{"line":123,"column":87}},"type":"binary-expr","locations":[{"start":{"line":123,"column":6},"end":{"line":123,"column":36}},{"start":{"line":123,"column":40},"end":{"line":123,"column":62}},{"start":{"line":123,"column":66},"end":{"line":123,"column":87}}],"line":123}},"s":{"0":7,"1":7,"2":1,"3":6,"4":6,"5":29,"6":29,"7":7,"8":29,"9":29,"10":4,"11":7,"12":7,"13":3,"14":5,"15":7,"16":4,"17":4,"18":2,"19":2,"20":0,"21":2,"22":2,"23":0,"24":0,"25":0},"f":{"0":7,"1":29,"2":29,"3":29,"4":4,"5":3,"6":5,"7":4},"b":{"0":[1,6],"1":[6,0],"2":[29,21],"3":[7,0],"4":[29,29,29,29,27,25],"5":[7,0],"6":[3,3],"7":[2,2],"8":[4,4],"9":[0,2],"10":[2,2],"11":[2,0],"12":[2,2,0],"13":[0,0],"14":[0,0,0]},"meta":{"lastBranch":15,"lastFunction":8,"lastStatement":26,"seen":{"f:41:22:41:Infinity":0,"s:48:15:51:4":0,"b:53:2:54:Infinity:undefined:undefined:undefined:undefined":0,"s:53:2:54:Infinity":1,"s:54:4:54:Infinity":2,"s:57:35:57:52":3,"s:59:8:65:7":4,"b:59:41:59:60:59:60:59:62":1,"f:60:5:60:13":1,"s:60:19:60:31":5,"f:61:5:61:10":2,"s:61:17:65:7":6,"b:64:19:64:36:64:36:64:Infinity":2,"s:68:8:84:7":7,"b:68:28:68:47:68:47:68:49":3,"f:69:5:69:13":3,"s:70:19:70:39":8,"s:71:6:77:Infinity":9,"b:72:8:72:28:73:8:73:28:74:8:74:28:75:8:75:29:76:8:76:29:77:8:77:29":4,"f:80:5:80:10":4,"s:80:17:84:7":10,"s:86:39:92:Infinity":11,"s:94:8:112:5":12,"b:94:33:94:51:94:51:94:53":5,"f:94:55:94:60":5,"s:94:69:112:5":13,"b:104:16:104:35:104:35:104:Infinity":6,"f:105:34:105:39":6,"s:105:46:111:Infinity":14,"s:114:2:114:Infinity":15,"f:117:9:117:23":7,"s:118:16:118:34":16,"b:119:2:119:Infinity:undefined:undefined:undefined:undefined":7,"s:119:2:119:Infinity":17,"b:119:6:119:31:119:35:119:60":8,"s:119:62:119:Infinity":18,"b:120:2:120:Infinity:undefined:undefined:undefined:undefined":9,"s:120:2:120:Infinity":19,"b:120:6:120:31:120:35:120:60":10,"s:120:62:120:Infinity":20,"b:121:2:122:Infinity:undefined:undefined:undefined:undefined":11,"s:121:2:122:Infinity":21,"b:121:6:121:31:121:35:121:60:121:64:121:88":12,"s:122:4:122:Infinity":22,"b:123:2:124:Infinity:undefined:undefined:undefined:undefined":13,"s:123:2:124:Infinity":23,"b:123:6:123:36:123:40:123:62:123:66:123:87":14,"s:124:4:124:Infinity":24,"s:125:2:125:Infinity":25}}}
,"/Users/ahd-clawd/Desktop/work/statuspulse/src/ingestion/webhook-receiver.ts": {"path":"/Users/ahd-clawd/Desktop/work/statuspulse/src/ingestion/webhook-receiver.ts","statementMap":{"0":{"start":{"line":7,"column":29},"end":{"line":7,"column":39}},"1":{"start":{"line":10,"column":0},"end":{"line":74,"column":null}},"2":{"start":{"line":11,"column":19},"end":{"line":11,"column":42}},"3":{"start":{"line":12,"column":15},"end":{"line":12,"column":33}},"4":{"start":{"line":15,"column":2},"end":{"line":29,"column":null}},"5":{"start":{"line":16,"column":17},"end":{"line":16,"column":null}},"6":{"start":{"line":17,"column":10},"end":{"line":17,"column":70}},"7":{"start":{"line":19,"column":4},"end":{"line":27,"column":null}},"8":{"start":{"line":29,"column":4},"end":{"line":29,"column":null}},"9":{"start":{"line":33,"column":2},"end":{"line":57,"column":null}},"10":{"start":{"line":34,"column":16},"end":{"line":34,"column":null}},"11":{"start":{"line":35,"column":15},"end":{"line":35,"column":null}},"12":{"start":{"line":36,"column":10},"end":{"line":36,"column":81}},"13":{"start":{"line":38,"column":4},"end":{"line":55,"column":null}},"14":{"start":{"line":57,"column":4},"end":{"line":57,"column":null}},"15":{"start":{"line":61,"column":15},"end":{"line":61,"column":35}},"16":{"start":{"line":62,"column":8},"end":{"line":62,"column":40}},"17":{"start":{"line":64,"column":2},"end":{"line":71,"column":null}},"18":{"start":{"line":73,"column":2},"end":{"line":73,"column":null}}},"fnMap":{"0":{"name":"(anonymous_0)","decl":{"start":{"line":10,"column":41},"end":{"line":10,"column":48}},"loc":{"start":{"line":10,"column":54},"end":{"line":74,"column":null}},"line":10}},"branchMap":{"0":{"loc":{"start":{"line":15,"column":2},"end":{"line":29,"column":null}},"type":"if","locations":[{"start":{"line":15,"column":2},"end":{"line":29,"column":null}},{"start":{},"end":{}}],"line":15},"1":{"loc":{"start":{"line":17,"column":37},"end":{"line":17,"column":70}},"type":"binary-expr","locations":[{"start":{"line":17,"column":37},"end":{"line":17,"column":56}},{"start":{"line":17,"column":56},"end":{"line":17,"column":70}}],"line":17},"2":{"loc":{"start":{"line":33,"column":2},"end":{"line":57,"column":null}},"type":"if","locations":[{"start":{"line":33,"column":2},"end":{"line":57,"column":null}},{"start":{},"end":{}}],"line":33},"3":{"loc":{"start":{"line":35,"column":33},"end":{"line":35,"column":53}},"type":"binary-expr","locations":[{"start":{"line":35,"column":33},"end":{"line":35,"column":43}},{"start":{"line":35,"column":43},"end":{"line":35,"column":53}}],"line":35},"4":{"loc":{"start":{"line":36,"column":37},"end":{"line":36,"column":81}},"type":"binary-expr","locations":[{"start":{"line":36,"column":37},"end":{"line":36,"column":51}},{"start":{"line":36,"column":51},"end":{"line":36,"column":65}},{"start":{"line":36,"column":65},"end":{"line":36,"column":81}}],"line":36},"5":{"loc":{"start":{"line":42,"column":13},"end":{"line":42,"column":null}},"type":"binary-expr","locations":[{"start":{"line":42,"column":13},"end":{"line":42,"column":25}},{"start":{"line":42,"column":25},"end":{"line":42,"column":null}}],"line":42},"6":{"loc":{"start":{"line":44,"column":14},"end":{"line":44,"column":null}},"type":"binary-expr","locations":[{"start":{"line":44,"column":14},"end":{"line":44,"column":28}},{"start":{"line":44,"column":28},"end":{"line":44,"column":null}}],"line":44},"7":{"loc":{"start":{"line":46,"column":17},"end":{"line":46,"column":59}},"type":"binary-expr","locations":[{"start":{"line":46,"column":17},"end":{"line":46,"column":35}},{"start":{"line":46,"column":35},"end":{"line":46,"column":59}}],"line":46},"8":{"loc":{"start":{"line":47,"column":17},"end":{"line":47,"column":null}},"type":"binary-expr","locations":[{"start":{"line":47,"column":17},"end":{"line":47,"column":35}},{"start":{"line":47,"column":35},"end":{"line":47,"column":null}}],"line":47},"9":{"loc":{"start":{"line":52,"column":19},"end":{"line":52,"column":61}},"type":"binary-expr","locations":[{"start":{"line":52,"column":19},"end":{"line":52,"column":37}},{"start":{"line":52,"column":37},"end":{"line":52,"column":61}}],"line":52}},"s":{"0":6,"1":6,"2":0,"3":0,"4":0,"5":0,"6":0,"7":0,"8":0,"9":0,"10":0,"11":0,"12":0,"13":0,"14":0,"15":0,"16":0,"17":0,"18":0},"f":{"0":0},"b":{"0":[0,0],"1":[0,0],"2":[0,0],"3":[0,0],"4":[0,0,0],"5":[0,0],"6":[0,0],"7":[0,0],"8":[0,0],"9":[0,0]},"meta":{"lastBranch":10,"lastFunction":1,"lastStatement":19,"seen":{"s:7:29:7:39":0,"s:10:0:74:Infinity":1,"f:10:41:10:48":0,"s:11:19:11:42":2,"s:12:15:12:33":3,"b:15:2:29:Infinity:undefined:undefined:undefined:undefined":0,"s:15:2:29:Infinity":4,"s:16:17:16:Infinity":5,"s:17:10:17:70":6,"b:17:37:17:56:17:56:17:70":1,"s:19:4:27:Infinity":7,"s:29:4:29:Infinity":8,"b:33:2:57:Infinity:undefined:undefined:undefined:undefined":2,"s:33:2:57:Infinity":9,"s:34:16:34:Infinity":10,"s:35:15:35:Infinity":11,"b:35:33:35:43:35:43:35:53":3,"s:36:10:36:81":12,"b:36:37:36:51:36:51:36:65:36:65:36:81":4,"s:38:4:55:Infinity":13,"b:42:13:42:25:42:25:42:Infinity":5,"b:44:14:44:28:44:28:44:Infinity":6,"b:46:17:46:35:46:35:46:59":7,"b:47:17:47:35:47:35:47:Infinity":8,"b:52:19:52:37:52:37:52:61":9,"s:57:4:57:Infinity":14,"s:61:15:61:35":15,"s:62:8:62:40":16,"s:64:2:71:Infinity":17,"s:73:2:73:Infinity":18}}}
,"/Users/ahd-clawd/Desktop/work/statuspulse/src/lib/config.ts": {"path":"/Users/ahd-clawd/Desktop/work/statuspulse/src/lib/config.ts","statementMap":{"0":{"start":{"line":4,"column":21},"end":{"line":18,"column":2}},"1":{"start":{"line":20,"column":22},"end":{"line":20,"column":53}}},"fnMap":{},"branchMap":{},"s":{"0":12,"1":12},"f":{},"b":{},"meta":{"lastBranch":0,"lastFunction":0,"lastStatement":2,"seen":{"s:4:21:18:2":0,"s:20:22:20:53":1}}}
,"/Users/ahd-clawd/Desktop/work/statuspulse/src/lib/normalize.ts": {"path":"/Users/ahd-clawd/Desktop/work/statuspulse/src/lib/normalize.ts","statementMap":{"0":{"start":{"line":4,"column":69},"end":{"line":15,"column":null}},"1":{"start":{"line":20,"column":2},"end":{"line":22,"column":null}},"2":{"start":{"line":29,"column":2},"end":{"line":31,"column":null}},"3":{"start":{"line":36,"column":57},"end":{"line":41,"column":null}},"4":{"start":{"line":44,"column":2},"end":{"line":45,"column":null}},"5":{"start":{"line":45,"column":4},"end":{"line":45,"column":null}},"6":{"start":{"line":45,"column":28},"end":{"line":45,"column":null}},"7":{"start":{"line":47,"column":2},"end":{"line":47,"column":null}},"8":{"start":{"line":53,"column":57},"end":{"line":58,"column":null}},"9":{"start":{"line":59,"column":36},"end":{"line":59,"column":null}},"10":{"start":{"line":60,"column":2},"end":{"line":61,"column":null}},"11":{"start":{"line":61,"column":4},"end":{"line":61,"column":null}},"12":{"start":{"line":61,"column":39},"end":{"line":61,"column":null}},"13":{"start":{"line":63,"column":2},"end":{"line":63,"column":null}}},"fnMap":{"0":{"name":"normalizeStatuspageIndicator","decl":{"start":{"line":17,"column":16},"end":{"line":17,"column":null}},"loc":{"start":{"line":19,"column":24},"end":{"line":22,"column":null}},"line":19},"1":{"name":"normalizeStatuspageComponentStatus","decl":{"start":{"line":26,"column":16},"end":{"line":26,"column":null}},"loc":{"start":{"line":28,"column":24},"end":{"line":31,"column":null}},"line":28},"2":{"name":"normalizeFromText","decl":{"start":{"line":43,"column":16},"end":{"line":43,"column":34}},"loc":{"start":{"line":43,"column":70},"end":{"line":47,"column":null}},"line":43},"3":{"name":"worstStatus","decl":{"start":{"line":50,"column":16},"end":{"line":50,"column":null}},"loc":{"start":{"line":52,"column":24},"end":{"line":63,"column":null}},"line":52}},"branchMap":{"0":{"loc":{"start":{"line":21,"column":4},"end":{"line":22,"column":null}},"type":"binary-expr","locations":[{"start":{"line":21,"column":4},"end":{"line":21,"column":null}},{"start":{"line":22,"column":4},"end":{"line":22,"column":null}}],"line":21},"1":{"loc":{"start":{"line":30,"column":4},"end":{"line":31,"column":null}},"type":"binary-expr","locations":[{"start":{"line":30,"column":4},"end":{"line":30,"column":null}},{"start":{"line":31,"column":4},"end":{"line":31,"column":null}}],"line":30},"2":{"loc":{"start":{"line":45,"column":4},"end":{"line":45,"column":null}},"type":"if","locations":[{"start":{"line":45,"column":4},"end":{"line":45,"column":null}},{"start":{},"end":{}}],"line":45},"3":{"loc":{"start":{"line":61,"column":4},"end":{"line":61,"column":null}},"type":"if","locations":[{"start":{"line":61,"column":4},"end":{"line":61,"column":null}},{"start":{},"end":{}}],"line":61}},"s":{"0":11,"1":24,"2":38,"3":11,"4":35,"5":104,"6":28,"7":7,"8":33,"9":33,"10":33,"11":61,"12":25,"13":33},"f":{"0":24,"1":38,"2":35,"3":33},"b":{"0":[24,2],"1":[38,0],"2":[28,76],"3":[25,36]},"meta":{"lastBranch":4,"lastFunction":4,"lastStatement":14,"seen":{"s:4:69:15:Infinity":0,"f:17:16:17:Infinity":0,"s:20:2:22:Infinity":1,"b:21:4:21:Infinity:22:4:22:Infinity":0,"f:26:16:26:Infinity":1,"s:29:2:31:Infinity":2,"b:30:4:30:Infinity:31:4:31:Infinity":1,"s:36:57:41:Infinity":3,"f:43:16:43:34":2,"s:44:2:45:Infinity":4,"b:45:4:45:Infinity:undefined:undefined:undefined:undefined":2,"s:45:4:45:Infinity":5,"s:45:28:45:Infinity":6,"s:47:2:47:Infinity":7,"f:50:16:50:Infinity":3,"s:53:57:58:Infinity":8,"s:59:36:59:Infinity":9,"s:60:2:61:Infinity":10,"b:61:4:61:Infinity:undefined:undefined:undefined:undefined":3,"s:61:4:61:Infinity":11,"s:61:39:61:Infinity":12,"s:63:2:63:Infinity":13}}}
,"/Users/ahd-clawd/Desktop/work/statuspulse/src/lib/types.ts": {"path":"/Users/ahd-clawd/Desktop/work/statuspulse/src/lib/types.ts","statementMap":{"0":{"start":{"line":1,"column":32},"end":{"line":6,"column":null}}},"fnMap":{},"branchMap":{},"s":{"0":11},"f":{},"b":{},"meta":{"lastBranch":0,"lastFunction":0,"lastStatement":1,"seen":{"s:1:32:6:Infinity":0}}}
,"/Users/ahd-clawd/Desktop/work/statuspulse/src/vendors/catalog.json": {"path":"/Users/ahd-clawd/Desktop/work/statuspulse/src/vendors/catalog.json","statementMap":{},"fnMap":{},"branchMap":{},"s":{},"f":{},"b":{},"meta":{"lastBranch":0,"lastFunction":0,"lastStatement":0,"seen":{}}}
,"/Users/ahd-clawd/Desktop/work/statuspulse/src/vendors/registry.ts": {"path":"/Users/ahd-clawd/Desktop/work/statuspulse/src/vendors/registry.ts","statementMap":{"0":{"start":{"line":6,"column":6},"end":{"line":6,"column":57}},"1":{"start":{"line":7,"column":6},"end":{"line":7,"column":51}},"2":{"start":{"line":9,"column":38},"end":{"line":9,"column":null}},"3":{"start":{"line":12,"column":2},"end":{"line":14,"column":null}},"4":{"start":{"line":13,"column":10},"end":{"line":13,"column":50}},"5":{"start":{"line":14,"column":4},"end":{"line":14,"column":null}},"6":{"start":{"line":16,"column":2},"end":{"line":16,"column":null}},"7":{"start":{"line":20,"column":2},"end":{"line":20,"column":null}},"8":{"start":{"line":24,"column":2},"end":{"line":24,"column":null}},"9":{"start":{"line":24,"column":37},"end":{"line":24,"column":54}},"10":{"start":{"line":28,"column":2},"end":{"line":28,"column":null}},"11":{"start":{"line":28,"column":35},"end":{"line":28,"column":47}},"12":{"start":{"line":32,"column":2},"end":{"line":32,"column":null}},"13":{"start":{"line":32,"column":37},"end":{"line":32,"column":61}},"14":{"start":{"line":36,"column":12},"end":{"line":36,"column":31}},"15":{"start":{"line":37,"column":2},"end":{"line":42,"column":null}},"16":{"start":{"line":39,"column":6},"end":{"line":41,"column":28}}},"fnMap":{"0":{"name":"loadCatalog","decl":{"start":{"line":11,"column":9},"end":{"line":11,"column":39}},"loc":{"start":{"line":11,"column":39},"end":{"line":16,"column":null}},"line":11},"1":{"name":"getAllVendors","decl":{"start":{"line":19,"column":16},"end":{"line":19,"column":48}},"loc":{"start":{"line":19,"column":48},"end":{"line":20,"column":null}},"line":19},"2":{"name":"getEnabledVendors","decl":{"start":{"line":23,"column":16},"end":{"line":23,"column":52}},"loc":{"start":{"line":23,"column":52},"end":{"line":24,"column":null}},"line":23},"3":{"name":"(anonymous_3)","decl":{"start":{"line":24,"column":23},"end":{"line":24,"column":31}},"loc":{"start":{"line":24,"column":37},"end":{"line":24,"column":54}},"line":24},"4":{"name":"getVendorById","decl":{"start":{"line":27,"column":16},"end":{"line":27,"column":30}},"loc":{"start":{"line":27,"column":68},"end":{"line":28,"column":null}},"line":27},"5":{"name":"(anonymous_5)","decl":{"start":{"line":28,"column":23},"end":{"line":28,"column":29}},"loc":{"start":{"line":28,"column":35},"end":{"line":28,"column":47}},"line":28},"6":{"name":"getVendorsByCategory","decl":{"start":{"line":31,"column":16},"end":{"line":31,"column":37}},"loc":{"start":{"line":31,"column":71},"end":{"line":32,"column":null}},"line":31},"7":{"name":"(anonymous_7)","decl":{"start":{"line":32,"column":23},"end":{"line":32,"column":31}},"loc":{"start":{"line":32,"column":37},"end":{"line":32,"column":61}},"line":32},"8":{"name":"searchVendors","decl":{"start":{"line":35,"column":16},"end":{"line":35,"column":30}},"loc":{"start":{"line":35,"column":61},"end":{"line":42,"column":null}},"line":35},"9":{"name":"(anonymous_9)","decl":{"start":{"line":37,"column":23},"end":{"line":37,"column":null}},"loc":{"start":{"line":39,"column":6},"end":{"line":41,"column":28}},"line":39}},"branchMap":{"0":{"loc":{"start":{"line":12,"column":2},"end":{"line":14,"column":null}},"type":"if","locations":[{"start":{"line":12,"column":2},"end":{"line":14,"column":null}},{"start":{},"end":{}}],"line":12},"1":{"loc":{"start":{"line":39,"column":6},"end":{"line":41,"column":28}},"type":"binary-expr","locations":[{"start":{"line":39,"column":6},"end":{"line":39,"column":22}},{"start":{"line":40,"column":6},"end":{"line":40,"column":38}},{"start":{"line":41,"column":6},"end":{"line":41,"column":28}}],"line":39}},"s":{"0":7,"1":7,"2":7,"3":18,"4":2,"5":2,"6":18,"7":4,"8":2,"9":108,"10":5,"11":112,"12":2,"13":108,"14":5,"15":5,"16":270},"f":{"0":18,"1":4,"2":2,"3":108,"4":5,"5":112,"6":2,"7":108,"8":5,"9":270},"b":{"0":[2,16],"1":[270,265,265]},"meta":{"lastBranch":2,"lastFunction":10,"lastStatement":17,"seen":{"s:6:6:6:57":0,"s:7:6:7:51":1,"s:9:38:9:Infinity":2,"f:11:9:11:39":0,"b:12:2:14:Infinity:undefined:undefined:undefined:undefined":0,"s:12:2:14:Infinity":3,"s:13:10:13:50":4,"s:14:4:14:Infinity":5,"s:16:2:16:Infinity":6,"f:19:16:19:48":1,"s:20:2:20:Infinity":7,"f:23:16:23:52":2,"s:24:2:24:Infinity":8,"f:24:23:24:31":3,"s:24:37:24:54":9,"f:27:16:27:30":4,"s:28:2:28:Infinity":10,"f:28:23:28:29":5,"s:28:35:28:47":11,"f:31:16:31:37":6,"s:32:2:32:Infinity":12,"f:32:23:32:31":7,"s:32:37:32:61":13,"f:35:16:35:30":8,"s:36:12:36:31":14,"s:37:2:42:Infinity":15,"f:37:23:37:Infinity":9,"s:39:6:41:28":16,"b:39:6:39:22:40:6:40:38:41:6:41:28":1}}}
}
